linux-master/
2834 C files in total
   ./patterns/ifRefresh_gcc/parm_deref_assign.cocci ./repo/linux-master/./lib/vsprintf.c
   ./patterns/ifMultiCmp_gcc/one_assign_and_other.cocci ./repo/linux-master/./lib/mpi/mpi-add.c
   ./patterns/ifMultiCmp_gcc/two_assign_and_return.cocci ./repo/linux-master/./lib/radix-tree.c
   ./patterns/ifMultiCmp_gcc/one_assign_and_other.cocci ./repo/linux-master/./lib/stackdepot.c
   ./patterns/ifMultiCmp_gcc/one_assign_and_return.cocci ./repo/linux-master/./lib/stackdepot.c
   ./patterns/ifMultiCmp_gcc/one_assign_and_other.cocci ./repo/linux-master/./lib/zstd/decompress/zstd_ddict.c
   ./patterns/ifMultiCmp_gcc/one_assign_and_other.cocci ./repo/linux-master/./lib/xz/xz_dec_lzma2.c
   ./patterns/ifMultiCmp_gcc/one_assign_and_other.cocci ./repo/linux-master/./lib/kfifo.c
   ./patterns/ifMultiCmp_gcc/one_assign_and_return.cocci ./repo/linux-master/./lib/strncpy_from_user.c
   ./patterns/ifRefresh_gcc/parm_deref_assign.cocci ./repo/linux-master/./lib/xarray.c
   ./patterns/ifMultiCmp_gcc/one_assign_and_return.cocci ./repo/linux-master/./lib/string.c
   ./patterns/ifMultiCmp_gcc/assign_struct_and_use.cocci ./repo/linux-master/./lib/earlycpio.c
   ./patterns/ifMultiCmp_gcc/one_assign_and_return.cocci ./repo/linux-master/./lib/earlycpio.c
   ./patterns/ifMultiCmp_gcc/one_assign_and_return.cocci ./repo/linux-master/./scripts/kconfig/conf.c
   ./patterns/ifMultiCmp_gcc/one_assign_and_other.cocci ./repo/linux-master/./scripts/kconfig/symbol.c
   ./patterns/ifMultiCmp_gcc/one_assign_and_other.cocci ./repo/linux-master/./scripts/kconfig/mconf.c
   ./patterns/ifMultiCmp_gcc/one_assign_and_return.cocci ./repo/linux-master/./scripts/kconfig/confdata.c
   ./patterns/ifMultiCmp_gcc/one_assign_and_return.cocci ./repo/linux-master/./scripts/kconfig/lxdialog/checklist.c
   ./patterns/ifMultiCmp_gcc/one_assign_and_return.cocci ./repo/linux-master/./scripts/kconfig/lexer.lex.c
   ./patterns/ifMultiCmp_gcc/one_assign_and_other.cocci ./repo/linux-master/./drivers/acpi/x86/s2idle.c
   ./patterns/ifMultiCmp_gcc/one_assign_and_return.cocci ./repo/linux-master/./drivers/acpi/x86/utils.c
   ./patterns/ifRefresh_gcc/parm_deref_assign.cocci ./repo/linux-master/./drivers/acpi/x86/utils.c
   ./patterns/ifMultiCmp_gcc/one_assign_and_other.cocci ./repo/linux-master/./drivers/acpi/sysfs.c
   ./patterns/ifMultiCmp_gcc/one_assign_and_return.cocci ./repo/linux-master/./drivers/acpi/acpica/utstrsuppt.c
   ./patterns/ifMultiCmp_gcc/one_assign_and_other.cocci ./repo/linux-master/./drivers/acpi/acpica/dswload2.c
   ./patterns/ifMultiCmp_gcc/one_assign_and_other.cocci ./repo/linux-master/./drivers/acpi/acpica/exfield.c
   ./patterns/ifMultiCmp_gcc/one_assign_and_other.cocci ./repo/linux-master/./drivers/acpi/acpica/tbutils.c
   ./patterns/ifRefresh_gcc/parm_deref_assign.cocci ./repo/linux-master/./drivers/acpi/acpica/utresrc.c
   ./patterns/ifMultiCmp_gcc/one_assign_and_return.cocci ./repo/linux-master/./drivers/acpi/acpica/nsdump.c
   ./patterns/ifMultiCmp_gcc/one_assign_and_other.cocci ./repo/linux-master/./drivers/acpi/acpica/evrgnini.c
   ./patterns/ifMultiCmp_gcc/one_assign_and_return.cocci ./repo/linux-master/./drivers/acpi/acpica/hwvalid.c
   ./patterns/ifRefresh_gcc/parm_deref_assign.cocci ./repo/linux-master/./drivers/acpi/acpica/tbdata.c
   ./patterns/ifRefresh_gcc/parm_deref_assign.cocci ./repo/linux-master/./drivers/acpi/acpica/nsaccess.c
   ./patterns/ifRefresh_gcc/parm_deref_assign.cocci ./repo/linux-master/./drivers/acpi/acpica/psobject.c
   ./patterns/ifRefresh_gcc/parm_deref_assign.cocci ./repo/linux-master/./drivers/acpi/acpica/nssearch.c
   ./patterns/ifMultiCmp_gcc/one_assign_and_return.cocci ./repo/linux-master/./drivers/acpi/tables.c
   ./patterns/ifMultiCmp_gcc/one_assign_and_other.cocci ./repo/linux-master/./drivers/acpi/pci_root.c
   ./patterns/ifMultiCmp_gcc/separate_storeAndUse.cocci ./repo/linux-master/./drivers/acpi/pci_root.c
   ./patterns/ifMultiCmp_gcc/both_storeAndUse.cocci ./repo/linux-master/./drivers/acpi/pci_link.c
   ./patterns/ifMultiCmp_gcc/one_assign_and_other.cocci ./repo/linux-master/./drivers/acpi/fan_core.c
   ./patterns/ifMultiCmp_gcc/one_assign_and_other.cocci ./repo/linux-master/./drivers/acpi/acpi_processor.c
   ./patterns/ifRefresh_gcc/parm_deref_assign.cocci ./repo/linux-master/./drivers/acpi/acpi_video.c
   ./patterns/ifMultiCmp_gcc/one_assign_and_other.cocci ./repo/linux-master/./drivers/acpi/ec.c
   ./patterns/ifMultiCmp_gcc/one_assign_and_return.cocci ./repo/linux-master/./drivers/acpi/button.c
   ./patterns/ifMultiCmp_gcc/one_assign_and_return.cocci ./repo/linux-master/./drivers/acpi/osl.c
   ./patterns/ifRefresh_gcc/parm_deref_assign.cocci ./repo/linux-master/./drivers/acpi/osl.c
   ./patterns/ifMultiCmp_gcc/one_assign_and_return.cocci ./repo/linux-master/./drivers/cdrom/cdrom.c
   ./patterns/ifRefresh_gcc/parm_deref_assign.cocci ./repo/linux-master/./drivers/cdrom/cdrom.c
   ./patterns/ifMultiCmp_gcc/one_assign_and_other.cocci ./repo/linux-master/./drivers/pnp/interface.c
   ./patterns/ifMultiCmp_gcc/one_assign_and_other.cocci ./repo/linux-master/./drivers/pnp/pnpacpi/rsparser.c
   ./patterns/ifMultiCmp_gcc/both_storeAndUse.cocci ./repo/linux-master/./drivers/pnp/pnpacpi/core.c
   ./patterns/ifMultiCmp_gcc/one_assign_and_other.cocci ./repo/linux-master/./drivers/virtio/virtio_pci_common.c
   ./patterns/ifMultiCmp_gcc/one_assign_and_other.cocci ./repo/linux-master/./drivers/base/regmap/regmap.c
   ./patterns/ifMultiCmp_gcc/one_assign_and_other.cocci ./repo/linux-master/./drivers/base/devtmpfs.c
   ./patterns/ifMultiCmp_gcc/one_assign_and_return.cocci ./repo/linux-master/./drivers/base/core.c
   ./patterns/ifMultiCmp_gcc/one_assign_and_other.cocci ./repo/linux-master/./drivers/net/virtio_net.c
   ./patterns/ifMultiCmp_gcc/one_assign_and_other.cocci ./repo/linux-master/./drivers/net/phy/phy.c
   ./patterns/ifMultiCmp_gcc/one_assign_and_other.cocci ./repo/linux-master/./drivers/net/mii.c
   ./patterns/ifMultiCmp_gcc/one_assign_and_other.cocci ./repo/linux-master/./drivers/net/ethernet/realtek/8139too.c
   ./patterns/ifRefresh_gcc/parm_deref_assign.cocci ./repo/linux-master/./drivers/net/ethernet/intel/e1000e/phy.c
   ./patterns/ifMultiCmp_gcc/one_assign_and_other.cocci ./repo/linux-master/./drivers/net/ethernet/intel/e1000e/ethtool.c
   ./patterns/ifMultiCmp_gcc/one_assign_and_return.cocci ./repo/linux-master/./drivers/net/ethernet/intel/e1000e/ethtool.c
   ./patterns/ifRefresh_gcc/parm_deref_assign.cocci ./repo/linux-master/./drivers/net/ethernet/intel/e1000e/ethtool.c
   ./patterns/ifRefresh_gcc/parm_deref_assign.cocci ./repo/linux-master/./drivers/net/ethernet/intel/e1000e/ich8lan.c
   ./patterns/ifMultiCmp_gcc/one_assign_and_other.cocci ./repo/linux-master/./drivers/net/ethernet/intel/e1000e/netdev.c
   ./patterns/ifMultiCmp_gcc/one_assign_and_other.cocci ./repo/linux-master/./drivers/net/ethernet/intel/e1000e/param.c
   ./patterns/ifMultiCmp_gcc/two_assign_and_return.cocci ./repo/linux-master/./drivers/net/ethernet/intel/e100.c
   ./patterns/ifRefresh_gcc/parm_deref_assign.cocci ./repo/linux-master/./drivers/net/ethernet/intel/e1000/e1000_hw.c
   ./patterns/ifMultiCmp_gcc/one_assign_and_other.cocci ./repo/linux-master/./drivers/net/ethernet/intel/e1000/e1000_ethtool.c
   ./patterns/ifMultiCmp_gcc/one_assign_and_return.cocci ./repo/linux-master/./drivers/net/ethernet/intel/e1000/e1000_ethtool.c
   ./patterns/ifRefresh_gcc/parm_deref_assign.cocci ./repo/linux-master/./drivers/net/ethernet/intel/e1000/e1000_ethtool.c
   ./patterns/structDup_gcc/consecutive_assign.cocci ./repo/linux-master/./drivers/net/ethernet/nvidia/forcedeth.c
   ./patterns/ifMultiCmp_gcc/one_assign_and_return.cocci ./repo/linux-master/./drivers/macintosh/mac_hid.c
   ./patterns/ifMultiCmp_gcc/both_storeAndUse.cocci ./repo/linux-master/./drivers/scsi/sd.c
   ./patterns/ifMultiCmp_gcc/one_assign_and_other.cocci ./repo/linux-master/./drivers/scsi/sd.c
   ./patterns/ifMultiCmp_gcc/assign_struct_and_use.cocci ./repo/linux-master/./drivers/scsi/scsi_ioctl.c
   ./patterns/ifRefresh_gcc/parm_deref_assign.cocci ./repo/linux-master/./drivers/scsi/scsi_lib.c
   ./patterns/ifMultiCmp_gcc/one_assign_and_return.cocci ./repo/linux-master/./drivers/scsi/scsi_sysfs.c
   ./patterns/ifMultiCmp_gcc/one_assign_and_return.cocci ./repo/linux-master/./drivers/scsi/constants.c
   ./patterns/ifRefresh_gcc/parm_deref_assign.cocci ./repo/linux-master/./drivers/scsi/constants.c
   ./patterns/ifMultiCmp_gcc/one_assign_and_return.cocci ./repo/linux-master/./drivers/pci/rom.c
   ./patterns/ifMultiCmp_gcc/one_assign_and_other.cocci ./repo/linux-master/./drivers/pci/probe.c
   ./patterns/ifMultiCmp_gcc/one_assign_and_return.cocci ./repo/linux-master/./drivers/pci/access.c
   ./patterns/ifRefresh_gcc/parm_deref_assign.cocci ./repo/linux-master/./drivers/pci/access.c
   ./patterns/ifMultiCmp_gcc/one_assign_and_other.cocci ./repo/linux-master/./drivers/md/md-bitmap.c
   ./patterns/ifMultiCmp_gcc/one_assign_and_return.cocci ./repo/linux-master/./drivers/md/md.c
   ./patterns/ifMultiCmp_gcc/two_assign_and_return.cocci ./repo/linux-master/./drivers/md/dm-raid1.c
   ./patterns/ifMultiCmp_gcc/one_assign_and_other.cocci ./repo/linux-master/./drivers/md/dm-stats.c
   ./patterns/ifMultiCmp_gcc/two_assign_and_return.cocci ./repo/linux-master/./drivers/md/dm-table.c
   ./patterns/ifMultiCmp_gcc/one_assign_and_return.cocci ./repo/linux-master/./drivers/rtc/class.c
   ./patterns/ifMultiCmp_gcc/one_assign_and_other.cocci ./repo/linux-master/./drivers/rtc/rtc-cmos.c
   ./patterns/ifMultiCmp_gcc/one_assign_and_other.cocci ./repo/linux-master/./drivers/firmware/efi/efi.c
   ./patterns/ifMultiCmp_gcc/one_assign_and_other.cocci ./repo/linux-master/./drivers/firmware/efi/libstub/efi-stub-helper.c
   ./patterns/ifRefresh_gcc/parm_deref_assign.cocci ./repo/linux-master/./drivers/firmware/efi/libstub/x86-stub.c
   ./patterns/ifMultiCmp_gcc/one_assign_and_return.cocci ./repo/linux-master/./drivers/firmware/efi/runtime-map.c
   ./patterns/ifMultiCmp_gcc/one_assign_and_return.cocci ./repo/linux-master/./drivers/firmware/efi/esrt.c
   ./patterns/ifMultiCmp_gcc/one_assign_and_other.cocci ./repo/linux-master/./drivers/firmware/dmi_scan.c
   ./patterns/ifMultiCmp_gcc/one_assign_and_return.cocci ./repo/linux-master/./drivers/firmware/dmi_scan.c
   ./patterns/delayAssign_gcc/simpleReturn.cocci ./repo/linux-master/./drivers/tty/serial/8250/8250_port.c
   ./patterns/ifMultiCmp_gcc/one_assign_and_return.cocci ./repo/linux-master/./drivers/tty/n_tty.c
   ./patterns/ifMultiCmp_gcc/one_assign_and_other.cocci ./repo/linux-master/./drivers/ata/libata-core.c
   ./patterns/ifRefresh_gcc/parm_deref_assign.cocci ./repo/linux-master/./drivers/ata/libata-sata.c
   ./patterns/ifMultiCmp_gcc/one_assign_and_return.cocci ./repo/linux-master/./drivers/usb/core/quirks.c
   ./patterns/ifMultiCmp_gcc/one_assign_and_other.cocci ./repo/linux-master/./drivers/usb/core/hcd.c
   ./patterns/ifMultiCmp_gcc/separate_storeAndUse.cocci ./repo/linux-master/./drivers/usb/core/hcd.c
   ./patterns/ifMultiCmp_gcc/one_assign_and_other.cocci ./repo/linux-master/./drivers/usb/core/usb.c
   ./patterns/ifMultiCmp_gcc/one_assign_and_return.cocci ./repo/linux-master/./drivers/usb/core/devio.c
   ./patterns/ifMultiCmp_gcc/one_assign_and_other.cocci ./repo/linux-master/./drivers/usb/storage/sierra_ms.c
   ./patterns/ifMultiCmp_gcc/one_assign_and_other.cocci ./repo/linux-master/./drivers/usb/host/xhci-ring.c
   ./patterns/ifMultiCmp_gcc/one_assign_and_return.cocci ./repo/linux-master/./drivers/usb/early/ehci-dbgp.c
   ./patterns/ifMultiCmp_gcc/assign_struct_and_use.cocci ./repo/linux-master/./drivers/video/console/vgacon.c
   ./patterns/ifMultiCmp_gcc/one_assign_and_other.cocci ./repo/linux-master/./drivers/video/console/vgacon.c
   ./patterns/ifMultiCmp_gcc/one_assign_and_other.cocci ./repo/linux-master/./drivers/char/virtio_console.c
   ./patterns/ifMultiCmp_gcc/one_assign_and_other.cocci ./repo/linux-master/./drivers/char/agp/intel-gtt.c
   ./patterns/ifMultiCmp_gcc/separate_storeAndUse.cocci ./repo/linux-master/./drivers/char/agp/intel-gtt.c
   ./patterns/ifMultiCmp_gcc/separate_storeAndUse.cocci ./repo/linux-master/./drivers/iommu/dma-iommu.c
   ./patterns/ifMultiCmp_gcc/both_storeAndUse.cocci ./repo/linux-master/./drivers/iommu/intel/iommu.c
   ./patterns/ifMultiCmp_gcc/one_assign_and_other.cocci ./repo/linux-master/./drivers/iommu/intel/iommu.c
   ./patterns/ifMultiCmp_gcc/one_assign_and_return.cocci ./repo/linux-master/./drivers/iommu/intel/pasid.c
   ./patterns/ifMultiCmp_gcc/one_assign_and_return.cocci ./repo/linux-master/./drivers/iommu/intel/dmar.c
   ./patterns/ifMultiCmp_gcc/one_assign_and_other.cocci ./repo/linux-master/./drivers/iommu/amd/init.c
   ./patterns/ifRefresh_gcc/parm_deref_assign.cocci ./repo/linux-master/./drivers/iommu/amd/io_pgtable.c
   ./patterns/ifMultiCmp_gcc/one_assign_and_other.cocci ./repo/linux-master/./drivers/cpufreq/intel_pstate.c
   ./patterns/ifRefresh_gcc/parm_deref_assign.cocci ./repo/linux-master/./drivers/cpufreq/intel_pstate.c
   ./patterns/ifMultiCmp_gcc/one_assign_and_other.cocci ./repo/linux-master/./drivers/cpufreq/cpufreq_governor.c
   ./patterns/ifMultiCmp_gcc/one_assign_and_other.cocci ./repo/linux-master/./drivers/cpufreq/cpufreq.c
   ./patterns/ifMultiCmp_gcc/one_assign_and_return.cocci ./repo/linux-master/./drivers/dma-buf/dma-resv.c
   ./patterns/ifMultiCmp_gcc/one_assign_and_other.cocci ./repo/linux-master/./drivers/dma-buf/dma-fence-chain.c
   ./patterns/ifMultiCmp_gcc/one_assign_and_other.cocci ./repo/linux-master/./drivers/input/serio/i8042.c
   ./patterns/ifMultiCmp_gcc/one_assign_and_return.cocci ./repo/linux-master/./drivers/input/serio/i8042.c
   ./patterns/ifMultiCmp_gcc/one_assign_and_other.cocci ./repo/linux-master/./drivers/gpu/drm/drm_vblank.c
   ./patterns/ifMultiCmp_gcc/one_assign_and_other.cocci ./repo/linux-master/./drivers/gpu/drm/drm_mipi_dsi.c
   ./patterns/ifMultiCmp_gcc/one_assign_and_return.cocci ./repo/linux-master/./drivers/gpu/drm/drm_sysfs.c
   ./patterns/ifMultiCmp_gcc/one_assign_and_return.cocci ./repo/linux-master/./drivers/gpu/drm/display/drm_dp_mst_topology.c
   ./patterns/ifMultiCmp_gcc/separate_storeAndUse.cocci ./repo/linux-master/./drivers/gpu/drm/display/drm_dp_mst_topology.c
   ./patterns/ifRefresh_gcc/parm_deref_assign.cocci ./repo/linux-master/./drivers/gpu/drm/display/drm_dp_mst_topology.c
   ./patterns/ifMultiCmp_gcc/two_assign_and_return.cocci ./repo/linux-master/./drivers/gpu/drm/display/drm_hdcp_helper.c
   ./patterns/ifRefresh_gcc/parm_deref_assign.cocci ./repo/linux-master/./drivers/gpu/drm/drm_syncobj.c
   ./patterns/ifMultiCmp_gcc/one_assign_and_other.cocci ./repo/linux-master/./drivers/gpu/drm/drm_mm.c
   ./patterns/ifMultiCmp_gcc/separate_storeAndUse.cocci ./repo/linux-master/./drivers/gpu/drm/drm_edid.c
   ./patterns/ifMultiCmp_gcc/separate_storeAndUse.cocci ./repo/linux-master/./drivers/gpu/drm/ttm/ttm_bo.c
   ./patterns/ifMultiCmp_gcc/one_assign_and_other.cocci ./repo/linux-master/./drivers/gpu/drm/ttm/ttm_bo_util.c
   ./patterns/ifMultiCmp_gcc/separate_storeAndUse.cocci ./repo/linux-master/./drivers/gpu/drm/drm_plane.c
   ./patterns/ifMultiCmp_gcc/one_assign_and_return.cocci ./repo/linux-master/./drivers/gpu/drm/drm_property.c
   ./patterns/ifMultiCmp_gcc/one_assign_and_other.cocci ./repo/linux-master/./drivers/gpu/drm/i915/i915_perf.c
   ./patterns/ifMultiCmp_gcc/one_assign_and_other.cocci ./repo/linux-master/./drivers/gpu/drm/i915/gt/uc/intel_guc_capture.c
   ./patterns/ifMultiCmp_gcc/separate_storeAndUse.cocci ./repo/linux-master/./drivers/gpu/drm/i915/gt/uc/intel_guc_capture.c
   ./patterns/ifMultiCmp_gcc/one_assign_and_other.cocci ./repo/linux-master/./drivers/gpu/drm/i915/gt/uc/intel_guc_submission.c
   ./patterns/ifMultiCmp_gcc/separate_storeAndUse.cocci ./repo/linux-master/./drivers/gpu/drm/i915/gt/uc/intel_guc_submission.c
   ./patterns/ifMultiCmp_gcc/both_storeAndUse.cocci ./repo/linux-master/./drivers/gpu/drm/i915/gt/intel_ring.c
   ./patterns/ifMultiCmp_gcc/assign_struct_and_use.cocci ./repo/linux-master/./drivers/gpu/drm/i915/gt/intel_engine_heartbeat.c
   ./patterns/ifMultiCmp_gcc/assign_struct_and_use.cocci ./repo/linux-master/./drivers/gpu/drm/i915/gt/intel_gt.c
   ./patterns/ifMultiCmp_gcc/one_assign_and_other.cocci ./repo/linux-master/./drivers/gpu/drm/i915/gt/intel_ggtt_fencing.c
   ./patterns/ifMultiCmp_gcc/assign_struct_and_use.cocci ./repo/linux-master/./drivers/gpu/drm/i915/gt/intel_reset.c
   ./patterns/ifMultiCmp_gcc/assign_struct_and_use.cocci ./repo/linux-master/./drivers/gpu/drm/i915/gt/intel_execlists_submission.c
   ./patterns/ifMultiCmp_gcc/one_assign_and_other.cocci ./repo/linux-master/./drivers/gpu/drm/i915/gt/intel_gt_sysfs_pm.c
   ./patterns/ifRefresh_gcc/parm_deref_assign.cocci ./repo/linux-master/./drivers/gpu/drm/i915/display/intel_bios.c
   ./patterns/ifMultiCmp_gcc/one_assign_and_other.cocci ./repo/linux-master/./drivers/gpu/drm/i915/display/intel_tv.c
   ./patterns/ifMultiCmp_gcc/one_assign_and_other.cocci ./repo/linux-master/./drivers/gpu/drm/i915/display/intel_fb.c
   ./patterns/ifMultiCmp_gcc/separate_storeAndUse.cocci ./repo/linux-master/./drivers/gpu/drm/i915/display/intel_dpll_mgr.c
   ./patterns/ifMultiCmp_gcc/two_assign_and_return.cocci ./repo/linux-master/./drivers/gpu/drm/i915/display/intel_fbc.c
   ./patterns/ifMultiCmp_gcc/one_assign_and_other.cocci ./repo/linux-master/./drivers/gpu/drm/i915/display/intel_cdclk.c
   ./patterns/ifMultiCmp_gcc/separate_storeAndUse.cocci ./repo/linux-master/./drivers/gpu/drm/i915/display/intel_ddi.c
   ./patterns/ifRefresh_gcc/parm_deref_assign.cocci ./repo/linux-master/./drivers/gpu/drm/i915/display/intel_ddi.c
   ./patterns/ifMultiCmp_gcc/one_assign_and_return.cocci ./repo/linux-master/./drivers/gpu/drm/i915/display/skl_universal_plane.c
   ./patterns/ifRefresh_gcc/parm_deref_assign.cocci ./repo/linux-master/./drivers/gpu/drm/i915/display/skl_universal_plane.c
   ./patterns/ifRefresh_gcc/parm_deref_assign.cocci ./repo/linux-master/./drivers/gpu/drm/i915/display/intel_hdmi.c
   ./patterns/ifMultiCmp_gcc/one_assign_and_other.cocci ./repo/linux-master/./drivers/gpu/drm/i915/display/intel_backlight.c
   ./patterns/ifMultiCmp_gcc/one_assign_and_other.cocci ./repo/linux-master/./drivers/gpu/drm/i915/display/skl_scaler.c
   ./patterns/ifRefresh_gcc/parm_deref_assign.cocci ./repo/linux-master/./drivers/gpu/drm/i915/display/intel_dp_hdcp.c
   ./patterns/ifMultiCmp_gcc/one_assign_and_other.cocci ./repo/linux-master/./drivers/gpu/drm/i915/display/intel_dp_link_training.c
   ./patterns/ifMultiCmp_gcc/one_assign_and_other.cocci ./repo/linux-master/./drivers/gpu/drm/i915/display/intel_dp.c
   ./patterns/ifMultiCmp_gcc/one_assign_and_return.cocci ./repo/linux-master/./drivers/gpu/drm/i915/display/intel_dp.c
   ./patterns/ifRefresh_gcc/parm_deref_assign.cocci ./repo/linux-master/./drivers/gpu/drm/i915/display/intel_dp.c
   ./patterns/delayAssign_gcc/simpleReturn.cocci ./repo/linux-master/./drivers/gpu/drm/i915/i915_irq.c
   ./patterns/ifMultiCmp_gcc/one_assign_and_other.cocci ./repo/linux-master/./drivers/gpu/drm/i915/i915_vma.c
   ./patterns/ifMultiCmp_gcc/one_assign_and_other.cocci ./repo/linux-master/./drivers/gpu/drm/i915/intel_pm.c
   ./patterns/ifMultiCmp_gcc/one_assign_and_other.cocci ./repo/linux-master/./drivers/gpu/drm/i915/gem/i915_gem_stolen.c
   ./patterns/ifMultiCmp_gcc/one_assign_and_return.cocci ./repo/linux-master/./drivers/gpu/drm/i915/gem/i915_gem_domain.c
   ./patterns/ifRefresh_gcc/parm_deref_assign.cocci ./repo/linux-master/./drivers/gpu/drm/i915/gem/i915_gem_domain.c
   ./patterns/ifMultiCmp_gcc/two_assign_and_return.cocci ./repo/linux-master/./drivers/gpu/drm/i915/gem/i915_gem_pages.c
   ./patterns/ifMultiCmp_gcc/assign_struct_and_use.cocci ./repo/linux-master/./drivers/gpu/drm/i915/gem/i915_gem_mman.c
   ./patterns/ifMultiCmp_gcc/assign_struct_and_use.cocci ./repo/linux-master/./drivers/gpu/drm/i915/i915_request.c
   ./patterns/ifMultiCmp_gcc/assign_struct_and_use.cocci ./repo/linux-master/./drivers/i2c/busses/i2c-i801.c
   ./patterns/ifMultiCmp_gcc/both_storeAndUse.cocci ./repo/linux-master/./net/core/rtnetlink.c
   ./patterns/ifMultiCmp_gcc/one_assign_and_return.cocci ./repo/linux-master/./net/core/rtnetlink.c
   ./patterns/ifMultiCmp_gcc/assign_struct_and_use.cocci ./repo/linux-master/./net/core/sock.c
   ./patterns/ifRefresh_gcc/parm_deref_assign.cocci ./repo/linux-master/./net/core/sock.c
   ./patterns/ifMultiCmp_gcc/one_assign_and_other.cocci ./repo/linux-master/./net/core/neighbour.c
   ./patterns/ifMultiCmp_gcc/one_assign_and_return.cocci ./repo/linux-master/./net/core/neighbour.c
   ./patterns/ifMultiCmp_gcc/one_assign_and_other.cocci ./repo/linux-master/./net/core/dev.c
   ./patterns/ifMultiCmp_gcc/one_assign_and_other.cocci ./repo/linux-master/./net/core/dev_ioctl.c
   ./patterns/ifMultiCmp_gcc/one_assign_and_return.cocci ./repo/linux-master/./net/core/dev_ioctl.c
   ./patterns/ifMultiCmp_gcc/one_assign_and_return.cocci ./repo/linux-master/./net/core/scm.c
   ./patterns/ifMultiCmp_gcc/one_assign_and_other.cocci ./repo/linux-master/./net/core/net-procfs.c
   ./patterns/ifMultiCmp_gcc/both_storeAndUse.cocci ./repo/linux-master/./net/core/xdp.c
   ./patterns/ifMultiCmp_gcc/one_assign_and_return.cocci ./repo/linux-master/./net/core/skbuff.c
   ./patterns/ifMultiCmp_gcc/separate_storeAndUse.cocci ./repo/linux-master/./net/core/skbuff.c
   ./patterns/ifRefresh_gcc/parm_deref_assign.cocci ./repo/linux-master/./net/core/skbuff.c
   ./patterns/ifMultiCmp_gcc/one_assign_and_other.cocci ./repo/linux-master/./net/wireless/util.c
   ./patterns/ifMultiCmp_gcc/one_assign_and_return.cocci ./repo/linux-master/./net/socket.c
   ./patterns/ifMultiCmp_gcc/one_assign_and_return.cocci ./repo/linux-master/./net/xfrm/xfrm_output.c
   ./patterns/ifMultiCmp_gcc/one_assign_and_other.cocci ./repo/linux-master/./net/xfrm/xfrm_state.c
   ./patterns/ifRefresh_gcc/parm_deref_assign.cocci ./repo/linux-master/./net/xfrm/xfrm_state.c
   ./patterns/ifMultiCmp_gcc/one_assign_and_return.cocci ./repo/linux-master/./net/xfrm/xfrm_policy.c
   ./patterns/ifMultiCmp_gcc/one_assign_and_other.cocci ./repo/linux-master/./net/xfrm/xfrm_replay.c
   ./patterns/ifMultiCmp_gcc/one_assign_and_other.cocci ./repo/linux-master/./net/xfrm/xfrm_user.c
   ./patterns/ifMultiCmp_gcc/one_assign_and_return.cocci ./repo/linux-master/./net/xfrm/xfrm_user.c
   ./patterns/ifRefresh_gcc/parm_deref_assign.cocci ./repo/linux-master/./net/xfrm/xfrm_user.c
   ./patterns/ifMultiCmp_gcc/one_assign_and_other.cocci ./repo/linux-master/./net/sched/cls_api.c
   ./patterns/ifMultiCmp_gcc/one_assign_and_return.cocci ./repo/linux-master/./net/sched/cls_api.c
   ./patterns/ifRefresh_gcc/parm_deref_assign.cocci ./repo/linux-master/./net/sched/cls_api.c
   ./patterns/ifMultiCmp_gcc/one_assign_and_return.cocci ./repo/linux-master/./net/sched/sch_api.c
   ./patterns/ifMultiCmp_gcc/one_assign_and_other.cocci ./repo/linux-master/./net/netfilter/nf_nat_core.c
   ./patterns/ifMultiCmp_gcc/separate_storeAndUse.cocci ./repo/linux-master/./net/netfilter/nf_conntrack_sip.c
   ./patterns/ifRefresh_gcc/parm_deref_assign.cocci ./repo/linux-master/./net/netfilter/nf_conntrack_sip.c
   ./patterns/ifRefresh_gcc/parm_deref_assign.cocci ./repo/linux-master/./net/netfilter/nf_queue.c
   ./patterns/ifRefresh_gcc/parm_deref_assign.cocci ./repo/linux-master/./net/netfilter/nf_conntrack_proto_tcp.c
   ./patterns/ifRefresh_gcc/parm_deref_assign.cocci ./repo/linux-master/./net/ethtool/linkmodes.c
   ./patterns/ifMultiCmp_gcc/one_assign_and_return.cocci ./repo/linux-master/./net/ethtool/bitset.c
   ./patterns/ifMultiCmp_gcc/one_assign_and_other.cocci ./repo/linux-master/./net/ipv4/fib_semantics.c
   ./patterns/ifMultiCmp_gcc/one_assign_and_other.cocci ./repo/linux-master/./net/ipv4/tcp_ipv4.c
   ./patterns/ifMultiCmp_gcc/assign_struct_and_use.cocci ./repo/linux-master/./net/ipv4/tcp.c
   ./patterns/ifMultiCmp_gcc/one_assign_and_other.cocci ./repo/linux-master/./net/ipv4/tcp_input.c
   ./patterns/ifRefresh_gcc/parm_deref_assign.cocci ./repo/linux-master/./net/ipv4/devinet.c
   ./patterns/ifMultiCmp_gcc/one_assign_and_other.cocci ./repo/linux-master/./net/ipv4/icmp.c
   ./patterns/ifMultiCmp_gcc/separate_storeAndUse.cocci ./repo/linux-master/./net/ipv4/udp_offload.c
   ./patterns/ifMultiCmp_gcc/one_assign_and_return.cocci ./repo/linux-master/./net/ipv4/ipconfig.c
   ./patterns/ifMultiCmp_gcc/one_assign_and_other.cocci ./repo/linux-master/./net/ipv4/tcp_metrics.c
   ./patterns/ifMultiCmp_gcc/one_assign_and_other.cocci ./repo/linux-master/./net/ipv4/ip_tunnel.c
   ./patterns/ifMultiCmp_gcc/one_assign_and_other.cocci ./repo/linux-master/./net/9p/client.c
   ./patterns/ifRefresh_gcc/parm_deref_assign.cocci ./repo/linux-master/./net/9p/client.c
   ./patterns/ifMultiCmp_gcc/one_assign_and_return.cocci ./repo/linux-master/./net/9p/trans_virtio.c
   ./patterns/ifMultiCmp_gcc/one_assign_and_other.cocci ./repo/linux-master/./net/ipv6/raw.c
   ./patterns/ifMultiCmp_gcc/one_assign_and_return.cocci ./repo/linux-master/./net/ipv6/exthdrs_core.c
   ./patterns/ifRefresh_gcc/parm_deref_assign.cocci ./repo/linux-master/./net/ipv6/exthdrs_core.c
   ./patterns/ifMultiCmp_gcc/one_assign_and_other.cocci ./repo/linux-master/./net/ipv6/route.c
   ./patterns/ifMultiCmp_gcc/one_assign_and_other.cocci ./repo/linux-master/./net/ipv6/sit.c
   ./patterns/ifMultiCmp_gcc/one_assign_and_return.cocci ./repo/linux-master/./net/ipv6/exthdrs.c
   ./patterns/ifRefresh_gcc/parm_deref_assign.cocci ./repo/linux-master/./net/ipv6/addrconf.c
   ./patterns/ifMultiCmp_gcc/one_assign_and_other.cocci ./repo/linux-master/./net/ipv6/ip6_fib.c
   ./patterns/ifRefresh_gcc/parm_deref_assign.cocci ./repo/linux-master/./net/ipv6/icmp.c
   ./patterns/ifMultiCmp_gcc/one_assign_and_other.cocci ./repo/linux-master/./net/ipv6/tcp_ipv6.c
   ./patterns/ifMultiCmp_gcc/one_assign_and_return.cocci ./repo/linux-master/./net/sunrpc/sysfs.c
   ./patterns/ifMultiCmp_gcc/one_assign_and_other.cocci ./repo/linux-master/./net/sunrpc/xprt.c
   ./patterns/ifMultiCmp_gcc/one_assign_and_return.cocci ./repo/linux-master/./net/sunrpc/addr.c
   ./patterns/ifMultiCmp_gcc/one_assign_and_return.cocci ./repo/linux-master/./net/sunrpc/auth_gss/svcauth_gss.c
   ./patterns/ifMultiCmp_gcc/one_assign_and_return.cocci ./repo/linux-master/./net/sunrpc/cache.c
   ./patterns/ifMultiCmp_gcc/one_assign_and_return.cocci ./repo/linux-master/./net/netlink/genetlink.c
   ./patterns/ifMultiCmp_gcc/one_assign_and_other.cocci ./repo/linux-master/./net/mac80211/rc80211_minstrel_ht.c
   ./patterns/delayAssign_gcc/struct_useAfterAssign.cocci ./repo/linux-master/./net/mac80211/util.c
   ./patterns/delayAssign_gcc/struct_useAfterAssign.cocci ./repo/linux-master/./net/mac80211/cfg.c
   ./patterns/ifMultiCmp_gcc/one_assign_and_other.cocci ./repo/linux-master/./net/mac80211/rx.c
   ./patterns/ifMultiCmp_gcc/one_assign_and_return.cocci ./repo/linux-master/./net/mac80211/rx.c
   ./patterns/ifMultiCmp_gcc/both_storeAndUse.cocci ./repo/linux-master/./net/mac80211/sta_info.c
   ./patterns/ifMultiCmp_gcc/one_assign_and_other.cocci ./repo/linux-master/./net/mac80211/scan.c
   ./patterns/ifMultiCmp_gcc/assign_struct_and_use.cocci ./repo/linux-master/./net/mac80211/mlme.c
   ./patterns/ifMultiCmp_gcc/one_assign_and_other.cocci ./repo/linux-master/./net/mac80211/mlme.c
   ./patterns/ifMultiCmp_gcc/one_assign_and_other.cocci ./repo/linux-master/./net/mac80211/tx.c
   ./patterns/ifMultiCmp_gcc/two_assign_and_return.cocci ./repo/linux-master/./net/mac80211/wme.c
   ./patterns/ifMultiCmp_gcc/one_assign_and_other.cocci ./repo/linux-master/./net/mac80211/fils_aead.c
   ./patterns/ifRefresh_gcc/parm_deref_assign.cocci ./repo/linux-master/./net/netlabel/netlabel_kapi.c
   ./patterns/ifMultiCmp_gcc/one_assign_and_return.cocci ./repo/linux-master/./sound/core/seq_device.c
   ./patterns/ifRefresh_gcc/parm_deref_assign.cocci ./repo/linux-master/./sound/core/pcm.c
   ./patterns/ifMultiCmp_gcc/one_assign_and_return.cocci ./repo/linux-master/./sound/core/seq/seq_fifo.c
   ./patterns/ifMultiCmp_gcc/assign_struct_and_use.cocci ./repo/linux-master/./io_uring/io-wq.c
   ./patterns/ifRefresh_gcc/parm_deref_assign.cocci ./repo/linux-master/./io_uring/sqpoll.c
   ./patterns/ifMultiCmp_gcc/one_assign_and_other.cocci ./repo/linux-master/./io_uring/net.c
   ./patterns/ifMultiCmp_gcc/one_assign_and_return.cocci ./repo/linux-master/./io_uring/net.c
   ./patterns/ifRefresh_gcc/parm_deref_assign.cocci ./repo/linux-master/./io_uring/net.c
   ./patterns/ifMultiCmp_gcc/one_assign_and_other.cocci ./repo/linux-master/./io_uring/rw.c
   ./patterns/ifMultiCmp_gcc/one_assign_and_return.cocci ./repo/linux-master/./arch/x86/lib/insn-eval.c
   ./patterns/ifRefresh_gcc/parm_deref_assign.cocci ./repo/linux-master/./arch/x86/lib/insn-eval.c
   ./patterns/ifMultiCmp_gcc/one_assign_and_other.cocci ./repo/linux-master/./arch/x86/platform/efi/efi.c
   ./patterns/ifMultiCmp_gcc/one_assign_and_return.cocci ./repo/linux-master/./arch/x86/mm/init_64.c
   ./patterns/ifMultiCmp_gcc/separate_storeAndUse.cocci ./repo/linux-master/./arch/x86/mm/init_64.c
   ./patterns/ifMultiCmp_gcc/one_assign_and_return.cocci ./repo/linux-master/./arch/x86/mm/pat/set_memory.c
   ./patterns/ifMultiCmp_gcc/separate_storeAndUse.cocci ./repo/linux-master/./arch/x86/mm/srat.c
   ./patterns/ifMultiCmp_gcc/separate_storeAndUse.cocci ./repo/linux-master/./arch/x86/events/intel/lbr.c
   ./patterns/ifMultiCmp_gcc/one_assign_and_other.cocci ./repo/linux-master/./arch/x86/events/intel/core.c
   ./patterns/ifRefresh_gcc/union_assign.cocci ./repo/linux-master/./arch/x86/events/intel/ds.c
   ./patterns/ifMultiCmp_gcc/one_assign_and_other.cocci ./repo/linux-master/./arch/x86/events/intel/uncore.c
   ./patterns/ifMultiCmp_gcc/one_assign_and_other.cocci ./repo/linux-master/./arch/x86/boot/compressed/ident_map_64.c
   ./patterns/ifMultiCmp_gcc/one_assign_and_other.cocci ./repo/linux-master/./arch/x86/boot/compressed/acpi.c
   ./patterns/ifRefresh_gcc/parm_deref_assign.cocci ./repo/linux-master/./arch/x86/boot/compressed/kaslr.c
   ./patterns/ifMultiCmp_gcc/both_storeAndUse.cocci ./repo/linux-master/./arch/x86/boot/compressed/pgtable_64.c
   ./patterns/ifMultiCmp_gcc/one_assign_and_other.cocci ./repo/linux-master/./arch/x86/kernel/acpi/boot.c
   ./patterns/ifMultiCmp_gcc/one_assign_and_return.cocci ./repo/linux-master/./arch/x86/kernel/acpi/boot.c
   ./patterns/ifMultiCmp_gcc/one_assign_and_return.cocci ./repo/linux-master/./arch/x86/kernel/pci-dma.c
   ./patterns/ifRefresh_gcc/parm_deref_assign.cocci ./repo/linux-master/./arch/x86/kernel/sys_x86_64.c
   ./patterns/ifMultiCmp_gcc/one_assign_and_other.cocci ./repo/linux-master/./arch/x86/kernel/smpboot.c
   ./patterns/ifMultiCmp_gcc/one_assign_and_other.cocci ./repo/linux-master/./arch/x86/kernel/alternative.c
   ./patterns/ifMultiCmp_gcc/separate_storeAndUse.cocci ./repo/linux-master/./arch/x86/kernel/tsc.c
   ./patterns/ifMultiCmp_gcc/assign_struct_and_use.cocci ./repo/linux-master/./arch/x86/kernel/cpu/microcode/core.c
   ./patterns/ifMultiCmp_gcc/separate_storeAndUse.cocci ./repo/linux-master/./arch/x86/kernel/cpu/mce/intel.c
   ./patterns/ifMultiCmp_gcc/one_assign_and_other.cocci ./repo/linux-master/./arch/x86/kernel/cpu/mtrr/cleanup.c
   ./patterns/ifMultiCmp_gcc/separate_storeAndUse.cocci ./repo/linux-master/./arch/x86/kernel/cpu/mtrr/cleanup.c
   ./patterns/ifMultiCmp_gcc/one_assign_and_other.cocci ./repo/linux-master/./arch/x86/kernel/cpu/mtrr/mtrr.c
   ./patterns/ifMultiCmp_gcc/one_assign_and_return.cocci ./repo/linux-master/./arch/x86/kernel/cpu/mtrr/generic.c
   ./patterns/ifRefresh_gcc/parm_deref_assign.cocci ./repo/linux-master/./arch/x86/kernel/cpu/mtrr/generic.c
   ./patterns/ifMultiCmp_gcc/one_assign_and_other.cocci ./repo/linux-master/./arch/x86/kernel/fpu/signal.c
   ./patterns/ifMultiCmp_gcc/separate_storeAndUse.cocci ./repo/linux-master/./arch/x86/kernel/fpu/signal.c
   ./patterns/ifMultiCmp_gcc/one_assign_and_other.cocci ./repo/linux-master/./arch/x86/kernel/fpu/core.c
   ./patterns/ifMultiCmp_gcc/one_assign_and_other.cocci ./repo/linux-master/./arch/x86/kernel/e820.c
   ./patterns/ifMultiCmp_gcc/one_assign_and_other.cocci ./repo/linux-master/./arch/x86/kernel/apic/io_apic.c
   ./patterns/structDup_gcc/consecutive_assign.cocci ./repo/linux-master/./arch/x86/kernel/apic/io_apic.c
   ./patterns/ifMultiCmp_gcc/one_assign_and_other.cocci ./repo/linux-master/./arch/x86/kernel/kprobes/core.c
   ./patterns/ifMultiCmp_gcc/one_assign_and_other.cocci ./repo/linux-master/./fs/locks.c
   ./patterns/ifMultiCmp_gcc/one_assign_and_other.cocci ./repo/linux-master/./fs/notify/mark.c
   ./patterns/ifMultiCmp_gcc/assign_struct_and_use.cocci ./repo/linux-master/./fs/kernfs/dir.c
   ./patterns/ifMultiCmp_gcc/one_assign_and_other.cocci ./repo/linux-master/./fs/namei.c
   ./patterns/ifMultiCmp_gcc/separate_storeAndUse.cocci ./repo/linux-master/./fs/tracefs/inode.c
   ./patterns/ifMultiCmp_gcc/one_assign_and_return.cocci ./repo/linux-master/./fs/nfs/sysfs.c
   ./patterns/ifMultiCmp_gcc/one_assign_and_return.cocci ./repo/linux-master/./fs/nfs/nfsroot.c
   ./patterns/ifMultiCmp_gcc/two_assign_and_return.cocci ./repo/linux-master/./fs/nfs/nfs2xdr.c
   ./patterns/ifMultiCmp_gcc/one_assign_and_return.cocci ./repo/linux-master/./fs/nfs/nfs4xdr.c
   ./patterns/ifMultiCmp_gcc/two_assign_and_return.cocci ./repo/linux-master/./fs/nfs/nfs4xdr.c
   ./patterns/ifRefresh_gcc/parm_deref_assign.cocci ./repo/linux-master/./fs/nfs/nfs4xdr.c
   ./patterns/ifMultiCmp_gcc/two_assign_and_return.cocci ./repo/linux-master/./fs/nfs/nfs3xdr.c
   ./patterns/ifMultiCmp_gcc/one_assign_and_return.cocci ./repo/linux-master/./fs/lockd/svc.c
   ./patterns/ifMultiCmp_gcc/one_assign_and_return.cocci ./repo/linux-master/./fs/read_write.c
   ./patterns/ifRefresh_gcc/parm_deref_assign.cocci ./repo/linux-master/./fs/file.c
   ./patterns/ifMultiCmp_gcc/separate_storeAndUse.cocci ./repo/linux-master/./fs/proc/proc_sysctl.c
   ./patterns/ifMultiCmp_gcc/one_assign_and_return.cocci ./repo/linux-master/./fs/efivarfs/vars.c
   ./patterns/ifMultiCmp_gcc/one_assign_and_other.cocci ./repo/linux-master/./fs/pnode.c
   ./patterns/ifMultiCmp_gcc/one_assign_and_other.cocci ./repo/linux-master/./fs/autofs/waitq.c
   ./patterns/ifMultiCmp_gcc/one_assign_and_return.cocci ./repo/linux-master/./fs/autofs/waitq.c
   ./patterns/ifRefresh_gcc/parm_deref_assign.cocci ./repo/linux-master/./fs/autofs/waitq.c
   ./patterns/ifMultiCmp_gcc/one_assign_and_return.cocci ./repo/linux-master/./fs/autofs/inode.c
   ./patterns/ifMultiCmp_gcc/one_assign_and_return.cocci ./repo/linux-master/./fs/fat/namei_msdos.c
   ./patterns/ifMultiCmp_gcc/one_assign_and_return.cocci ./repo/linux-master/./fs/fat/namei_vfat.c
   ./patterns/ifMultiCmp_gcc/one_assign_and_return.cocci ./repo/linux-master/./fs/fat/dir.c
   ./patterns/ifRefresh_gcc/parm_deref_assign.cocci ./repo/linux-master/./fs/fat/dir.c
   ./patterns/ifMultiCmp_gcc/one_assign_and_other.cocci ./repo/linux-master/./fs/fat/cache.c
   ./patterns/ifMultiCmp_gcc/one_assign_and_return.cocci ./repo/linux-master/./fs/fat/cache.c
   ./patterns/ifRefresh_gcc/parm_deref_assign.cocci ./repo/linux-master/./fs/fat/cache.c
   ./patterns/ifMultiCmp_gcc/one_assign_and_other.cocci ./repo/linux-master/./fs/fat/inode.c
   ./patterns/ifMultiCmp_gcc/one_assign_and_return.cocci ./repo/linux-master/./fs/fat/inode.c
   ./patterns/ifMultiCmp_gcc/both_storeAndUse.cocci ./repo/linux-master/./fs/9p/v9fs.c
   ./patterns/ifRefresh_gcc/parm_deref_assign.cocci ./repo/linux-master/./fs/9p/vfs_inode.c
   ./patterns/ifMultiCmp_gcc/one_assign_and_return.cocci ./repo/linux-master/./fs/fs_parser.c
   ./patterns/ifMultiCmp_gcc/one_assign_and_other.cocci ./repo/linux-master/./fs/netfs/buffered_read.c
   ./patterns/ifMultiCmp_gcc/one_assign_and_return.cocci ./repo/linux-master/./fs/seq_file.c
   ./patterns/ifMultiCmp_gcc/separate_storeAndUse.cocci ./repo/linux-master/./fs/namespace.c
   ./patterns/ifRefresh_gcc/parm_deref_assign.cocci ./repo/linux-master/./fs/buffer.c
   ./patterns/ifMultiCmp_gcc/one_assign_and_other.cocci ./repo/linux-master/./fs/ext4/mballoc.c
   ./patterns/ifMultiCmp_gcc/two_assign_and_return.cocci ./repo/linux-master/./fs/ext4/mballoc.c
   ./patterns/ifRefresh_gcc/parm_deref_assign.cocci ./repo/linux-master/./fs/ext4/mballoc.c
   ./patterns/ifMultiCmp_gcc/one_assign_and_return.cocci ./repo/linux-master/./fs/ext4/sysfs.c
   ./patterns/ifMultiCmp_gcc/assign_struct_and_use.cocci ./repo/linux-master/./fs/ext4/namei.c
   ./patterns/ifMultiCmp_gcc/one_assign_and_other.cocci ./repo/linux-master/./fs/ext4/namei.c
   ./patterns/ifMultiCmp_gcc/separate_storeAndUse.cocci ./repo/linux-master/./fs/ext4/namei.c
   ./patterns/ifMultiCmp_gcc/one_assign_and_other.cocci ./repo/linux-master/./fs/ext4/inline.c
   ./patterns/ifMultiCmp_gcc/separate_storeAndUse.cocci ./repo/linux-master/./fs/ext4/inline.c
   ./patterns/ifRefresh_gcc/parm_deref_assign.cocci ./repo/linux-master/./fs/ext4/file.c
   ./patterns/ifMultiCmp_gcc/one_assign_and_other.cocci ./repo/linux-master/./fs/ext4/symlink.c
   ./patterns/ifMultiCmp_gcc/both_storeAndUse.cocci ./repo/linux-master/./fs/ext4/resize.c
   ./patterns/ifMultiCmp_gcc/both_storeAndUse.cocci ./repo/linux-master/./fs/ext4/extents.c
   ./patterns/ifMultiCmp_gcc/compound_assign.cocci ./repo/linux-master/./fs/ext4/inode.c
   ./patterns/ifMultiCmp_gcc/one_assign_and_other.cocci ./repo/linux-master/./fs/ext4/inode.c
   ./patterns/ifRefresh_gcc/parm_deref_assign.cocci ./repo/linux-master/./fs/ext4/xattr.c
   ./patterns/ifMultiCmp_gcc/one_assign_and_return.cocci ./repo/linux-master/./fs/ext4/ialloc.c
   ./patterns/ifRefresh_gcc/parm_deref_assign.cocci ./repo/linux-master/./fs/ext4/ialloc.c
   ./patterns/delayAssign_gcc/struct_useAfterAssign.cocci ./repo/linux-master/./fs/d_path.c
   ./patterns/ifRefresh_gcc/parm_deref_assign.cocci ./repo/linux-master/./fs/posix_acl.c
   ./patterns/ifMultiCmp_gcc/one_assign_and_return.cocci ./repo/linux-master/./fs/jbd2/commit.c
   ./patterns/ifMultiCmp_gcc/one_assign_and_return.cocci ./repo/linux-master/./fs/jbd2/recovery.c
   ./patterns/ifMultiCmp_gcc/one_assign_and_other.cocci ./repo/linux-master/./fs/jbd2/journal.c
   ./patterns/ifMultiCmp_gcc/one_assign_and_other.cocci ./repo/linux-master/./fs/exportfs/expfs.c
   ./patterns/ifMultiCmp_gcc/one_assign_and_other.cocci ./repo/linux-master/./fs/quota/quota_tree.c
   ./patterns/ifRefresh_gcc/parm_deref_assign.cocci ./repo/linux-master/./fs/quota/quota_tree.c
   ./patterns/ifMultiCmp_gcc/separate_storeAndUse.cocci ./repo/linux-master/./fs/debugfs/inode.c
   ./patterns/ifMultiCmp_gcc/assign_struct_and_use.cocci ./repo/linux-master/./fs/inode.c
   ./patterns/ifMultiCmp_gcc/two_assign_and_return.cocci ./repo/linux-master/./fs/fs_context.c
   ./patterns/ifMultiCmp_gcc/one_assign_and_return.cocci ./repo/linux-master/./tools/objtool/check.c
   ./patterns/ifMultiCmp_gcc/one_assign_and_other.cocci ./repo/linux-master/./mm/page_alloc.c
   ./patterns/ifMultiCmp_gcc/one_assign_and_return.cocci ./repo/linux-master/./mm/page_alloc.c
   ./patterns/ifRefresh_gcc/parm_deref_assign.cocci ./repo/linux-master/./mm/page_alloc.c
   ./patterns/ifMultiCmp_gcc/one_assign_and_other.cocci ./repo/linux-master/./mm/migrate.c
   ./patterns/ifRefresh_gcc/parm_deref_assign.cocci ./repo/linux-master/./mm/shmem.c
   ./patterns/ifMultiCmp_gcc/one_assign_and_return.cocci ./repo/linux-master/./mm/swap_state.c
   ./patterns/ifRefresh_gcc/parm_deref_assign.cocci ./repo/linux-master/./mm/swap_state.c
   ./patterns/ifMultiCmp_gcc/both_storeAndUse.cocci ./repo/linux-master/./mm/gup.c
   ./patterns/ifMultiCmp_gcc/one_assign_and_other.cocci ./repo/linux-master/./mm/gup.c
   ./patterns/ifMultiCmp_gcc/one_assign_and_return.cocci ./repo/linux-master/./mm/gup.c
   ./patterns/ifRefresh_gcc/parm_deref_assign.cocci ./repo/linux-master/./mm/gup.c
   ./patterns/ifRefresh_gcc/parm_deref_assign.cocci ./repo/linux-master/./mm/percpu.c
   ./patterns/ifRefresh_gcc/parm_deref_assign.cocci ./repo/linux-master/./mm/mempolicy.c
   ./patterns/ifMultiCmp_gcc/separate_storeAndUse.cocci ./repo/linux-master/./mm/memory.c
   ./patterns/ifMultiCmp_gcc/one_assign_and_return.cocci ./repo/linux-master/./mm/mmap.c
   ./patterns/ifRefresh_gcc/parm_deref_assign.cocci ./repo/linux-master/./mm/mmap.c
   ./patterns/ifRefresh_gcc/parm_deref_assign.cocci ./repo/linux-master/./mm/slub.c
   ./patterns/ifMultiCmp_gcc/one_assign_and_return.cocci ./repo/linux-master/./mm/swapfile.c
   ./patterns/ifRefresh_gcc/parm_deref_assign.cocci ./repo/linux-master/./mm/swapfile.c
   ./patterns/ifMultiCmp_gcc/one_assign_and_other.cocci ./repo/linux-master/./mm/rmap.c
   ./patterns/ifMultiCmp_gcc/one_assign_and_return.cocci ./repo/linux-master/./mm/rmap.c
   ./patterns/ifMultiCmp_gcc/separate_storeAndUse.cocci ./repo/linux-master/./mm/rmap.c
   ./patterns/ifMultiCmp_gcc/one_assign_and_return.cocci ./repo/linux-master/./mm/memblock.c
   ./patterns/ifMultiCmp_gcc/one_assign_and_return.cocci ./repo/linux-master/./mm/madvise.c
   ./patterns/ifRefresh_gcc/parm_deref_assign.cocci ./repo/linux-master/./mm/madvise.c
   ./patterns/ifMultiCmp_gcc/assign_struct_and_use.cocci ./repo/linux-master/./mm/hugetlb.c
   ./patterns/ifMultiCmp_gcc/one_assign_and_return.cocci ./repo/linux-master/./mm/hugetlb.c
   ./patterns/ifRefresh_gcc/parm_deref_assign.cocci ./repo/linux-master/./mm/hugetlb.c
   ./patterns/ifMultiCmp_gcc/separate_storeAndUse.cocci ./repo/linux-master/./mm/filemap.c
   ./patterns/ifMultiCmp_gcc/one_assign_and_return.cocci ./repo/linux-master/./block/bio.c
   ./patterns/ifMultiCmp_gcc/both_storeAndUse.cocci ./repo/linux-master/./block/blk-mq.c
   ./patterns/ifMultiCmp_gcc/two_assign_and_return.cocci ./repo/linux-master/./block/blk-mq.c
   ./patterns/ifMultiCmp_gcc/one_assign_and_return.cocci ./repo/linux-master/./init/initramfs.c
   ./patterns/ifMultiCmp_gcc/one_assign_and_other.cocci ./repo/linux-master/./ipc/util.c
   ./patterns/ifMultiCmp_gcc/one_assign_and_other.cocci ./repo/linux-master/./kernel/sys.c
   ./patterns/ifMultiCmp_gcc/one_assign_and_other.cocci ./repo/linux-master/./kernel/signal.c
   ./patterns/ifRefresh_gcc/parm_deref_assign.cocci ./repo/linux-master/./kernel/kprobes.c
   ./patterns/ifMultiCmp_gcc/one_assign_and_other.cocci ./repo/linux-master/./kernel/sysctl.c
   ./patterns/ifMultiCmp_gcc/one_assign_and_other.cocci ./repo/linux-master/./kernel/power/snapshot.c
   ./patterns/ifMultiCmp_gcc/one_assign_and_other.cocci ./repo/linux-master/./kernel/power/swap.c
   ./patterns/ifMultiCmp_gcc/separate_storeAndUse.cocci ./repo/linux-master/./kernel/power/swap.c
   ./patterns/ifMultiCmp_gcc/one_assign_and_other.cocci ./repo/linux-master/./kernel/power/user.c
   ./patterns/ifMultiCmp_gcc/one_assign_and_other.cocci ./repo/linux-master/./kernel/trace/trace_output.c
   ./patterns/ifMultiCmp_gcc/separate_storeAndUse.cocci ./repo/linux-master/./kernel/trace/trace_output.c
   ./patterns/ifMultiCmp_gcc/one_assign_and_return.cocci ./repo/linux-master/./kernel/trace/trace_events_filter.c
   ./patterns/ifMultiCmp_gcc/one_assign_and_other.cocci ./repo/linux-master/./kernel/trace/ring_buffer.c
   ./patterns/ifMultiCmp_gcc/one_assign_and_return.cocci ./repo/linux-master/./kernel/trace/ring_buffer.c
   ./patterns/ifRefresh_gcc/parm_deref_assign.cocci ./repo/linux-master/./kernel/trace/trace_events_trigger.c
   ./patterns/ifMultiCmp_gcc/one_assign_and_return.cocci ./repo/linux-master/./kernel/trace/trace.c
   ./patterns/ifRefresh_gcc/parm_deref_assign.cocci ./repo/linux-master/./kernel/trace/trace.c
   ./patterns/ifMultiCmp_gcc/one_assign_and_other.cocci ./repo/linux-master/./kernel/trace/trace_uprobe.c
   ./patterns/ifMultiCmp_gcc/assign_struct_and_use.cocci ./repo/linux-master/./kernel/sched/fair.c
   ./patterns/ifMultiCmp_gcc/one_assign_and_other.cocci ./repo/linux-master/./kernel/sched/fair.c
   ./patterns/ifRefresh_gcc/parm_deref_assign.cocci ./repo/linux-master/./kernel/sched/fair.c
   ./patterns/ifMultiCmp_gcc/assign_struct_and_use.cocci ./repo/linux-master/./kernel/sched/core.c
   ./patterns/ifMultiCmp_gcc/separate_storeAndUse.cocci ./repo/linux-master/./kernel/sched/core.c
   ./patterns/ifMultiCmp_gcc/one_assign_and_return.cocci ./repo/linux-master/./kernel/profile.c
   ./patterns/ifMultiCmp_gcc/two_assign_and_return.cocci ./repo/linux-master/./kernel/irq/manage.c
   ./patterns/ifMultiCmp_gcc/one_assign_and_other.cocci ./repo/linux-master/./kernel/irq/proc.c
   ./patterns/ifMultiCmp_gcc/one_assign_and_other.cocci ./repo/linux-master/./kernel/time/timer.c
   ./patterns/ifMultiCmp_gcc/two_assign_and_return.cocci ./repo/linux-master/./kernel/time/alarmtimer.c
   ./patterns/ifRefresh_gcc/parm_deref_assign.cocci ./repo/linux-master/./kernel/time/timekeeping.c
   ./patterns/ifMultiCmp_gcc/compound_assign.cocci ./repo/linux-master/./kernel/async.c
   ./patterns/ifMultiCmp_gcc/one_assign_and_return.cocci ./repo/linux-master/./kernel/audit_tree.c
   ./patterns/ifMultiCmp_gcc/one_assign_and_return.cocci ./repo/linux-master/./kernel/printk/printk.c
   ./patterns/ifRefresh_gcc/parm_deref_assign.cocci ./repo/linux-master/./kernel/printk/printk.c
   ./patterns/ifMultiCmp_gcc/separate_storeAndUse.cocci ./repo/linux-master/./kernel/dma/mapping.c
   ./patterns/ifMultiCmp_gcc/both_storeAndUse.cocci ./repo/linux-master/./kernel/audit.c
   ./patterns/structDup_gcc/consecutive_assign.cocci ./repo/linux-master/./kernel/stop_machine.c
   ./patterns/ifMultiCmp_gcc/one_assign_and_return.cocci ./repo/linux-master/./kernel/crash_core.c
   ./patterns/ifMultiCmp_gcc/one_assign_and_other.cocci ./repo/linux-master/./kernel/resource.c
   ./patterns/ifMultiCmp_gcc/both_storeAndUse.cocci ./repo/linux-master/./kernel/cgroup/cpuset.c
   ./patterns/ifRefresh_gcc/parm_deref_assign.cocci ./repo/linux-master/./kernel/cgroup/cpuset.c
   ./patterns/ifMultiCmp_gcc/one_assign_and_other.cocci ./repo/linux-master/./kernel/cgroup/rstat.c
   ./patterns/ifMultiCmp_gcc/separate_storeAndUse.cocci ./repo/linux-master/./kernel/cgroup/rstat.c
   ./patterns/ifMultiCmp_gcc/one_assign_and_return.cocci ./repo/linux-master/./kernel/rcu/tree.c
   ./patterns/ifRefresh_gcc/parm_deref_assign.cocci ./repo/linux-master/./kernel/rcu/tree.c
   ./patterns/ifMultiCmp_gcc/one_assign_and_return.cocci ./repo/linux-master/./kernel/futex/waitwake.c
   ./patterns/ifMultiCmp_gcc/one_assign_and_other.cocci ./repo/linux-master/./kernel/bpf/core.c
   ./patterns/ifMultiCmp_gcc/one_assign_and_return.cocci ./repo/linux-master/./kernel/bpf/core.c
   ./patterns/ifMultiCmp_gcc/separate_storeAndUse.cocci ./repo/linux-master/./crypto/aead.c
   ./patterns/ifMultiCmp_gcc/separate_storeAndUse.cocci ./repo/linux-master/./crypto/skcipher.c
   ./patterns/ifMultiCmp_gcc/two_assign_and_return.cocci ./repo/linux-master/./crypto/skcipher.c
   ./patterns/ifMultiCmp_gcc/separate_storeAndUse.cocci ./repo/linux-master/./crypto/ahash.c
   ./patterns/ifMultiCmp_gcc/one_assign_and_return.cocci ./repo/linux-master/./security/integrity/iint.c
   ./patterns/ifMultiCmp_gcc/both_storeAndUse.cocci ./repo/linux-master/./security/keys/gc.c
   ./patterns/ifRefresh_gcc/parm_deref_assign.cocci ./repo/linux-master/./security/keys/keyctl.c
   ./patterns/ifMultiCmp_gcc/one_assign_and_other.cocci ./repo/linux-master/./security/selinux/hooks.c
   ./patterns/ifMultiCmp_gcc/one_assign_and_return.cocci ./repo/linux-master/./security/selinux/ss/services.c
   ./patterns/ifRefresh_gcc/parm_deref_assign.cocci ./repo/linux-master/./security/selinux/ss/services.c
