./patterns/ifMultiCmp_gcc/both_storeAndUse.cocci ./repo/linux-master///lib/assoc_array.c
./patterns/ifMultiCmp_gcc/one_assign_and_return.cocci ./repo/linux-master///lib/assoc_array.c
./patterns/ifMultiCmp_gcc/two_assign_and_return.cocci ./repo/linux-master///lib/assoc_array.c
./patterns/return_gcc/load_retVal_inAdvance.cocci ./repo/linux-master///lib/assoc_array.c
./patterns/ifMultiCmp_gcc/one_assign_and_return.cocci ./repo/linux-master///lib/vsprintf.c
./patterns/ifMultiCmp_gcc/both_storeAndUse.cocci ./repo/linux-master///lib/zlib_inflate/inffast.c
./patterns/ifMultiCmp_gcc/both_storeAndUse.cocci ./repo/linux-master///lib/mpi/mpicoder.c
./patterns/ifMultiCmp_gcc/both_storeAndUse.cocci ./repo/linux-master///lib/mpi/ec.c
./patterns/ifMultiCmp_gcc/both_storeAndUse.cocci ./repo/linux-master///lib/mpi/mpih-mul.c
./patterns/ifMultiCmp_gcc/both_storeAndUse.cocci ./repo/linux-master///lib/mpi/mpih-div.c
./patterns/ifMultiCmp_gcc/one_assign_and_return.cocci ./repo/linux-master///lib/radix-tree.c
./patterns/ifMultiCmp_gcc/both_storeAndUse.cocci ./repo/linux-master///lib/decompress_bunzip2.c
./patterns/ifMultiCmp_gcc/one_assign_and_return.cocci ./repo/linux-master///lib/decompress_bunzip2.c
./patterns/ifMultiCmp_gcc/both_storeAndUse.cocci ./repo/linux-master///lib/zstd/decompress/zstd_decompress_block.c
./patterns/ifMultiCmp_gcc/both_storeAndUse.cocci ./repo/linux-master///lib/zstd/common/fse_decompress.c
./patterns/ifMultiCmp_gcc/both_storeAndUse.cocci ./repo/linux-master///lib/asn1_decoder.c
./patterns/ifMultiCmp_gcc/two_assign_and_return.cocci ./repo/linux-master///lib/asn1_decoder.c
./patterns/return_gcc/load_retVal_inAdvance.cocci ./repo/linux-master///lib/asn1_decoder.c
./patterns/ifMultiCmp_gcc/both_storeAndUse.cocci ./repo/linux-master///lib/xz/xz_dec_lzma2.c
./patterns/ifMultiCmp_gcc/both_storeAndUse.cocci ./repo/linux-master///lib/lz4/lz4_decompress.c
./patterns/return_gcc/load_retVal_inAdvance.cocci ./repo/linux-master///lib/lz4/lz4_decompress.c
./patterns/ifMultiCmp_gcc/both_storeAndUse.cocci ./repo/linux-master///lib/zlib_deflate/deflate.c
./patterns/ifMultiCmp_gcc/both_storeAndUse.cocci ./repo/linux-master///lib/lzo/lzo1x_compress.c
./patterns/ifMultiCmp_gcc/two_assign_and_return.cocci ./repo/linux-master///lib/lzo/lzo1x_compress.c
./patterns/ifRefresh_gcc/parm_deref_assign.cocci ./repo/linux-master///lib/lzo/lzo1x_compress.c
./patterns/return_gcc/load_retVal_inAdvance.cocci ./repo/linux-master///lib/lzo/lzo1x_compress.c
./patterns/ifMultiCmp_gcc/both_storeAndUse.cocci ./repo/linux-master///lib/lzo/lzo1x_decompress_safe.c
./patterns/ifMultiCmp_gcc/one_assign_and_return.cocci ./repo/linux-master///lib/lzo/lzo1x_decompress_safe.c
./patterns/ifMultiCmp_gcc/two_assign_and_return.cocci ./repo/linux-master///lib/lzo/lzo1x_decompress_safe.c
./patterns/return_gcc/load_retVal_inAdvance.cocci ./repo/linux-master///lib/lzo/lzo1x_decompress_safe.c
./patterns/ifMultiCmp_gcc/both_storeAndUse.cocci ./repo/linux-master///lib/iov_iter.c
./patterns/ifMultiCmp_gcc/two_assign_and_return.cocci ./repo/linux-master///lib/idr.c
./patterns/ifMultiCmp_gcc/one_assign_and_return.cocci ./repo/linux-master///scripts/mod/modpost.c
./patterns/ifMultiCmp_gcc/both_storeAndUse.cocci ./repo/linux-master///scripts/kconfig/conf.c
./patterns/ifMultiCmp_gcc/both_storeAndUse.cocci ./repo/linux-master///scripts/kconfig/mconf.c
./patterns/ifMultiCmp_gcc/two_assign_and_return.cocci ./repo/linux-master///scripts/kconfig/confdata.c
./patterns/ifMultiCmp_gcc/both_storeAndUse.cocci ./repo/linux-master///scripts/kconfig/menu.c
./patterns/ifMultiCmp_gcc/both_storeAndUse.cocci ./repo/linux-master///scripts/kconfig/lxdialog/inputbox.c
./patterns/ifMultiCmp_gcc/both_storeAndUse.cocci ./repo/linux-master///scripts/kconfig/lxdialog/menubox.c
./patterns/ifMultiCmp_gcc/both_storeAndUse.cocci ./repo/linux-master///scripts/kconfig/lxdialog/util.c
./patterns/ifMultiCmp_gcc/both_storeAndUse.cocci ./repo/linux-master///scripts/kconfig/parser.tab.c
./patterns/ifMultiCmp_gcc/two_assign_and_return.cocci ./repo/linux-master///scripts/kconfig/parser.tab.c
./patterns/return_gcc/load_retVal_inAdvance.cocci ./repo/linux-master///scripts/kconfig/parser.tab.c
./patterns/ifMultiCmp_gcc/both_storeAndUse.cocci ./repo/linux-master///drivers/acpi/x86/s2idle.c
./patterns/ifRefresh_gcc/parm_deref_assign.cocci ./repo/linux-master///drivers/acpi/acpica/exresop.c
./patterns/ifMultiCmp_gcc/both_storeAndUse.cocci ./repo/linux-master///drivers/acpi/acpica/psparse.c
./patterns/ifMultiCmp_gcc/both_storeAndUse.cocci ./repo/linux-master///drivers/acpi/acpica/psargs.c
./patterns/ifMultiCmp_gcc/both_storeAndUse.cocci ./repo/linux-master///drivers/acpi/acpica/dsutils.c
./patterns/ifMultiCmp_gcc/both_storeAndUse.cocci ./repo/linux-master///drivers/acpi/acpica/evregion.c
./patterns/ifMultiCmp_gcc/one_assign_and_return.cocci ./repo/linux-master///drivers/acpi/acpica/nsdump.c
./patterns/ifMultiCmp_gcc/both_storeAndUse.cocci ./repo/linux-master///drivers/acpi/acpica/evxface.c
./patterns/ifMultiCmp_gcc/both_storeAndUse.cocci ./repo/linux-master///drivers/acpi/acpica/exregion.c
./patterns/ifMultiCmp_gcc/both_storeAndUse.cocci ./repo/linux-master///drivers/acpi/acpica/nsaccess.c
./patterns/ifMultiCmp_gcc/one_assign_and_other.cocci ./repo/linux-master///drivers/acpi/acpica/nsaccess.c
./patterns/ifMultiCmp_gcc/both_storeAndUse.cocci ./repo/linux-master///drivers/acpi/acpica/nsinit.c
./patterns/ifMultiCmp_gcc/both_storeAndUse.cocci ./repo/linux-master///drivers/acpi/thermal.c
./patterns/ifMultiCmp_gcc/both_storeAndUse.cocci ./repo/linux-master///drivers/pcmcia/pcmcia_resource.c
./patterns/ifMultiCmp_gcc/one_assign_and_return.cocci ./repo/linux-master///drivers/pcmcia/pcmcia_resource.c
./patterns/ifMultiCmp_gcc/two_assign_and_return.cocci ./repo/linux-master///drivers/pnp/interface.c
./patterns/ifMultiCmp_gcc/one_assign_and_return.cocci ./repo/linux-master///drivers/virtio/virtio_ring.c
./patterns/ifMultiCmp_gcc/both_storeAndUse.cocci ./repo/linux-master///drivers/base/regmap/regmap.c
./patterns/ifMultiCmp_gcc/one_assign_and_return.cocci ./repo/linux-master///drivers/base/regmap/regmap.c
./patterns/return_gcc/load_retVal_inAdvance.cocci ./repo/linux-master///drivers/base/regmap/regmap.c
./patterns/ifMultiCmp_gcc/both_storeAndUse.cocci ./repo/linux-master///drivers/base/regmap/regmap-debugfs.c
./patterns/ifMultiCmp_gcc/two_assign_and_return.cocci ./repo/linux-master///drivers/base/power/runtime.c
./patterns/ifMultiCmp_gcc/both_storeAndUse.cocci ./repo/linux-master///drivers/net/virtio_net.c
./patterns/ifMultiCmp_gcc/one_assign_and_return.cocci ./repo/linux-master///drivers/net/virtio_net.c
./patterns/ifMultiCmp_gcc/two_assign_and_return.cocci ./repo/linux-master///drivers/net/virtio_net.c
./patterns/arg_gcc/assignExprAsArg.cocci ./repo/linux-master///drivers/net/ethernet/broadcom/tg3.c
./patterns/delayAssign_gcc/simpleReturn.cocci ./repo/linux-master///drivers/net/ethernet/broadcom/tg3.c
./patterns/ifMultiCmp_gcc/assign_struct_and_use.cocci ./repo/linux-master///drivers/net/ethernet/broadcom/tg3.c
./patterns/ifMultiCmp_gcc/both_storeAndUse.cocci ./repo/linux-master///drivers/net/ethernet/broadcom/tg3.c
./patterns/ifMultiCmp_gcc/compound_assign.cocci ./repo/linux-master///drivers/net/ethernet/broadcom/tg3.c
./patterns/ifMultiCmp_gcc/decl_union_return.cocci ./repo/linux-master///drivers/net/ethernet/broadcom/tg3.c
./patterns/ifMultiCmp_gcc/one_assign_and_other.cocci ./repo/linux-master///drivers/net/ethernet/broadcom/tg3.c
./patterns/ifMultiCmp_gcc/one_assign_and_return.cocci ./repo/linux-master///drivers/net/ethernet/broadcom/tg3.c
./patterns/ifMultiCmp_gcc/separate_storeAndUse.cocci ./repo/linux-master///drivers/net/ethernet/broadcom/tg3.c
./patterns/ifMultiCmp_gcc/two_assign_and_return.cocci ./repo/linux-master///drivers/net/ethernet/broadcom/tg3.c
./patterns/ifRefresh_gcc/parm_deref_assign.cocci ./repo/linux-master///drivers/net/ethernet/broadcom/tg3.c
./patterns/return_gcc/load_retVal_inAdvance.cocci ./repo/linux-master///drivers/net/ethernet/broadcom/tg3.c
./patterns/structDup_gcc/assign_and_use.cocci ./repo/linux-master///drivers/net/ethernet/broadcom/tg3.c
./patterns/ifMultiCmp_gcc/both_storeAndUse.cocci ./repo/linux-master///drivers/net/ethernet/marvell/sky2.c
./patterns/ifMultiCmp_gcc/two_assign_and_return.cocci ./repo/linux-master///drivers/net/ethernet/realtek/8139too.c
./patterns/ifMultiCmp_gcc/one_assign_and_return.cocci ./repo/linux-master///drivers/net/ethernet/realtek/r8169_main.c
./patterns/ifMultiCmp_gcc/two_assign_and_return.cocci ./repo/linux-master///drivers/net/ethernet/realtek/r8169_main.c
./patterns/return_gcc/load_retVal_inAdvance.cocci ./repo/linux-master///drivers/net/ethernet/realtek/r8169_main.c
./patterns/ifMultiCmp_gcc/both_storeAndUse.cocci ./repo/linux-master///drivers/net/ethernet/intel/e1000e/mac.c
./patterns/ifMultiCmp_gcc/both_storeAndUse.cocci ./repo/linux-master///drivers/net/ethernet/intel/e1000e/ich8lan.c
./patterns/return_gcc/load_retVal_inAdvance.cocci ./repo/linux-master///drivers/net/ethernet/intel/e1000e/ich8lan.c
./patterns/ifMultiCmp_gcc/both_storeAndUse.cocci ./repo/linux-master///drivers/net/ethernet/intel/e1000e/nvm.c
./patterns/ifMultiCmp_gcc/both_storeAndUse.cocci ./repo/linux-master///drivers/net/ethernet/intel/e1000e/netdev.c
./patterns/ifMultiCmp_gcc/one_assign_and_return.cocci ./repo/linux-master///drivers/net/ethernet/intel/e1000e/netdev.c
./patterns/ifMultiCmp_gcc/two_assign_and_return.cocci ./repo/linux-master///drivers/net/ethernet/intel/e1000e/netdev.c
./patterns/ifMultiCmp_gcc/both_storeAndUse.cocci ./repo/linux-master///drivers/net/ethernet/intel/e100.c
./patterns/ifMultiCmp_gcc/both_storeAndUse.cocci ./repo/linux-master///drivers/net/ethernet/intel/e1000/e1000_main.c
./patterns/ifMultiCmp_gcc/one_assign_and_return.cocci ./repo/linux-master///drivers/net/ethernet/intel/e1000/e1000_main.c
./patterns/return_gcc/load_retVal_inAdvance.cocci ./repo/linux-master///drivers/net/ethernet/intel/e1000/e1000_main.c
./patterns/ifMultiCmp_gcc/both_storeAndUse.cocci ./repo/linux-master///drivers/net/ethernet/intel/e1000/e1000_hw.c
./patterns/ifMultiCmp_gcc/one_assign_and_return.cocci ./repo/linux-master///drivers/net/ethernet/intel/e1000/e1000_hw.c
./patterns/return_gcc/load_retVal_inAdvance.cocci ./repo/linux-master///drivers/net/ethernet/intel/e1000/e1000_hw.c
./patterns/ifMultiCmp_gcc/both_storeAndUse.cocci ./repo/linux-master///drivers/net/ethernet/nvidia/forcedeth.c
./patterns/ifMultiCmp_gcc/one_assign_and_other.cocci ./repo/linux-master///drivers/net/ethernet/nvidia/forcedeth.c
./patterns/ifMultiCmp_gcc/one_assign_and_return.cocci ./repo/linux-master///drivers/net/ethernet/nvidia/forcedeth.c
./patterns/return_gcc/load_retVal_inAdvance.cocci ./repo/linux-master///drivers/net/ethernet/nvidia/forcedeth.c
./patterns/ifMultiCmp_gcc/one_assign_and_return.cocci ./repo/linux-master///drivers/scsi/scsi_scan.c
./patterns/ifMultiCmp_gcc/one_assign_and_return.cocci ./repo/linux-master///drivers/scsi/sg.c
./patterns/ifMultiCmp_gcc/both_storeAndUse.cocci ./repo/linux-master///drivers/scsi/sd.c
./patterns/ifMultiCmp_gcc/two_assign_and_return.cocci ./repo/linux-master///drivers/scsi/scsi_lib.c
./patterns/ifMultiCmp_gcc/both_storeAndUse.cocci ./repo/linux-master///drivers/scsi/scsicam.c
./patterns/ifMultiCmp_gcc/both_storeAndUse.cocci ./repo/linux-master///drivers/pci/vgaarb.c
./patterns/ifMultiCmp_gcc/one_assign_and_other.cocci ./repo/linux-master///drivers/pci/vgaarb.c
./patterns/ifMultiCmp_gcc/both_storeAndUse.cocci ./repo/linux-master///drivers/pci/pci.c
./patterns/ifMultiCmp_gcc/both_storeAndUse.cocci ./repo/linux-master///drivers/hid/hid-lg4ff.c
./patterns/ifMultiCmp_gcc/one_assign_and_return.cocci ./repo/linux-master///drivers/hid/hid-lg4ff.c
./patterns/ifMultiCmp_gcc/both_storeAndUse.cocci ./repo/linux-master///drivers/hid/hid-debug.c
./patterns/ifMultiCmp_gcc/both_storeAndUse.cocci ./repo/linux-master///drivers/hid/hid-sony.c
./patterns/ifMultiCmp_gcc/one_assign_and_return.cocci ./repo/linux-master///drivers/hid/hid-sony.c
./patterns/ifMultiCmp_gcc/both_storeAndUse.cocci ./repo/linux-master///drivers/hid/hid-apple.c
./patterns/ifMultiCmp_gcc/both_storeAndUse.cocci ./repo/linux-master///drivers/md/md-bitmap.c
./patterns/ifMultiCmp_gcc/one_assign_and_return.cocci ./repo/linux-master///drivers/md/md-bitmap.c
./patterns/ifMultiCmp_gcc/two_assign_and_return.cocci ./repo/linux-master///drivers/md/md-bitmap.c
./patterns/delayAssign_gcc/simpleReturn.cocci ./repo/linux-master///drivers/md/md.c
./patterns/ifMultiCmp_gcc/both_storeAndUse.cocci ./repo/linux-master///drivers/md/md.c
./patterns/ifMultiCmp_gcc/one_assign_and_other.cocci ./repo/linux-master///drivers/md/md.c
./patterns/ifMultiCmp_gcc/one_assign_and_return.cocci ./repo/linux-master///drivers/md/md.c
./patterns/ifMultiCmp_gcc/separate_storeAndUse.cocci ./repo/linux-master///drivers/md/md.c
./patterns/return_gcc/load_retVal_inAdvance.cocci ./repo/linux-master///drivers/md/md.c
./patterns/ifMultiCmp_gcc/one_assign_and_return.cocci ./repo/linux-master///drivers/md/dm-stats.c
./patterns/ifMultiCmp_gcc/both_storeAndUse.cocci ./repo/linux-master///drivers/rtc/rtc-cmos.c
./patterns/ifMultiCmp_gcc/both_storeAndUse.cocci ./repo/linux-master///drivers/hwmon/hwmon.c
./patterns/ifMultiCmp_gcc/both_storeAndUse.cocci ./repo/linux-master///drivers/firmware/efi/libstub/efi-stub-helper.c
./patterns/ifMultiCmp_gcc/both_storeAndUse.cocci ./repo/linux-master///drivers/firmware/efi/libstub/vsprintf.c
./patterns/ifMultiCmp_gcc/both_storeAndUse.cocci ./repo/linux-master///drivers/tty/vt/vt.c
./patterns/ifMultiCmp_gcc/one_assign_and_return.cocci ./repo/linux-master///drivers/tty/vt/vt.c
./patterns/ifMultiCmp_gcc/both_storeAndUse.cocci ./repo/linux-master///drivers/tty/serial/serial_core.c
./patterns/ifMultiCmp_gcc/both_storeAndUse.cocci ./repo/linux-master///drivers/tty/serial/8250/8250_core.c
./patterns/ifMultiCmp_gcc/both_storeAndUse.cocci ./repo/linux-master///drivers/tty/n_tty.c
./patterns/ifMultiCmp_gcc/two_assign_and_return.cocci ./repo/linux-master///drivers/ata/libata-pmp.c
./patterns/ifMultiCmp_gcc/both_storeAndUse.cocci ./repo/linux-master///drivers/ata/libata-eh.c
./patterns/ifMultiCmp_gcc/one_assign_and_return.cocci ./repo/linux-master///drivers/ata/libata-eh.c
./patterns/ifMultiCmp_gcc/two_assign_and_return.cocci ./repo/linux-master///drivers/ata/libata-eh.c
./patterns/return_gcc/load_retVal_inAdvance.cocci ./repo/linux-master///drivers/ata/libata-eh.c
./patterns/ifMultiCmp_gcc/both_storeAndUse.cocci ./repo/linux-master///drivers/ata/libata-core.c
./patterns/ifMultiCmp_gcc/two_assign_and_return.cocci ./repo/linux-master///drivers/ata/libata-core.c
./patterns/return_gcc/load_retVal_inAdvance.cocci ./repo/linux-master///drivers/ata/libata-core.c
./patterns/ifMultiCmp_gcc/both_storeAndUse.cocci ./repo/linux-master///drivers/ata/libata-scsi.c
./patterns/ifMultiCmp_gcc/both_storeAndUse.cocci ./repo/linux-master///drivers/ata/libata-sff.c
./patterns/ifMultiCmp_gcc/two_assign_and_return.cocci ./repo/linux-master///drivers/ata/libata-sff.c
./patterns/ifMultiCmp_gcc/both_storeAndUse.cocci ./repo/linux-master///drivers/usb/core/hub.c
./patterns/ifMultiCmp_gcc/one_assign_and_other.cocci ./repo/linux-master///drivers/usb/core/hub.c
./patterns/ifMultiCmp_gcc/one_assign_and_return.cocci ./repo/linux-master///drivers/usb/core/hub.c
./patterns/return_gcc/load_retVal_inAdvance.cocci ./repo/linux-master///drivers/usb/core/hub.c
./patterns/ifMultiCmp_gcc/one_assign_and_return.cocci ./repo/linux-master///drivers/usb/core/config.c
./patterns/ifMultiCmp_gcc/both_storeAndUse.cocci ./repo/linux-master///drivers/usb/core/hcd.c
./patterns/ifMultiCmp_gcc/one_assign_and_return.cocci ./repo/linux-master///drivers/usb/core/hcd.c
./patterns/ifMultiCmp_gcc/both_storeAndUse.cocci ./repo/linux-master///drivers/usb/core/devio.c
./patterns/ifMultiCmp_gcc/one_assign_and_return.cocci ./repo/linux-master///drivers/usb/core/devio.c
./patterns/ifMultiCmp_gcc/both_storeAndUse.cocci ./repo/linux-master///drivers/usb/storage/transport.c
./patterns/ifMultiCmp_gcc/two_assign_and_return.cocci ./repo/linux-master///drivers/usb/storage/usb.c
./patterns/ifMultiCmp_gcc/both_storeAndUse.cocci ./repo/linux-master///drivers/usb/storage/scsiglue.c
./patterns/ifMultiCmp_gcc/one_assign_and_other.cocci ./repo/linux-master///drivers/usb/storage/scsiglue.c
./patterns/ifMultiCmp_gcc/one_assign_and_return.cocci ./repo/linux-master///drivers/usb/host/xhci-ring.c
./patterns/ifMultiCmp_gcc/two_assign_and_return.cocci ./repo/linux-master///drivers/usb/host/xhci-ring.c
./patterns/ifMultiCmp_gcc/both_storeAndUse.cocci ./repo/linux-master///drivers/usb/host/ohci-hcd.c
./patterns/ifMultiCmp_gcc/one_assign_and_return.cocci ./repo/linux-master///drivers/usb/host/xhci.c
./patterns/ifMultiCmp_gcc/one_assign_and_other.cocci ./repo/linux-master///drivers/usb/mon/mon_bin.c
./patterns/ifMultiCmp_gcc/both_storeAndUse.cocci ./repo/linux-master///drivers/video/console/vgacon.c
./patterns/ifMultiCmp_gcc/both_storeAndUse.cocci ./repo/linux-master///drivers/char/agp/generic.c
./patterns/ifMultiCmp_gcc/both_storeAndUse.cocci ./repo/linux-master///drivers/iommu/intel/iommu.c
./patterns/ifMultiCmp_gcc/one_assign_and_return.cocci ./repo/linux-master///drivers/iommu/intel/iommu.c
./patterns/ifMultiCmp_gcc/one_assign_and_return.cocci ./repo/linux-master///drivers/cpufreq/acpi-cpufreq.c
./patterns/ifMultiCmp_gcc/one_assign_and_return.cocci ./repo/linux-master///drivers/dma-buf/dma-fence-unwrap.c
./patterns/ifMultiCmp_gcc/two_assign_and_return.cocci ./repo/linux-master///drivers/dma-buf/dma-fence-unwrap.c
./patterns/ifMultiCmp_gcc/both_storeAndUse.cocci ./repo/linux-master///drivers/input/mouse/synaptics.c
./patterns/ifMultiCmp_gcc/both_storeAndUse.cocci ./repo/linux-master///drivers/input/mouse/alps.c
./patterns/ifMultiCmp_gcc/one_assign_and_return.cocci ./repo/linux-master///drivers/gpu/drm/drm_atomic_uapi.c
./patterns/ifMultiCmp_gcc/two_assign_and_return.cocci ./repo/linux-master///drivers/gpu/drm/drm_atomic_uapi.c
./patterns/ifMultiCmp_gcc/both_storeAndUse.cocci ./repo/linux-master///drivers/gpu/drm/display/drm_dp_mst_topology.c
./patterns/ifMultiCmp_gcc/one_assign_and_return.cocci ./repo/linux-master///drivers/gpu/drm/display/drm_dp_mst_topology.c
./patterns/return_gcc/load_retVal_inAdvance.cocci ./repo/linux-master///drivers/gpu/drm/display/drm_dp_mst_topology.c
./patterns/ifRefresh_gcc/parm_deref_assign.cocci ./repo/linux-master///drivers/gpu/drm/drm_syncobj.c
./patterns/ifMultiCmp_gcc/both_storeAndUse.cocci ./repo/linux-master///drivers/gpu/drm/drm_edid.c
./patterns/ifMultiCmp_gcc/one_assign_and_return.cocci ./repo/linux-master///drivers/gpu/drm/drm_edid.c
./patterns/ifMultiCmp_gcc/one_assign_and_return.cocci ./repo/linux-master///drivers/gpu/drm/drm_plane.c
./patterns/ifMultiCmp_gcc/two_assign_and_return.cocci ./repo/linux-master///drivers/gpu/drm/drm_plane.c
./patterns/ifMultiCmp_gcc/both_storeAndUse.cocci ./repo/linux-master///drivers/gpu/drm/drm_crtc.c
./patterns/ifMultiCmp_gcc/one_assign_and_return.cocci ./repo/linux-master///drivers/gpu/drm/drm_crtc.c
./patterns/ifMultiCmp_gcc/two_assign_and_return.cocci ./repo/linux-master///drivers/gpu/drm/i915/i915_scheduler.c
./patterns/ifMultiCmp_gcc/both_storeAndUse.cocci ./repo/linux-master///drivers/gpu/drm/i915/i915_perf.c
./patterns/ifMultiCmp_gcc/one_assign_and_return.cocci ./repo/linux-master///drivers/gpu/drm/i915/i915_perf.c
./patterns/structDup_gcc/consecutive_assign.cocci ./repo/linux-master///drivers/gpu/drm/i915/i915_perf.c
./patterns/ifMultiCmp_gcc/both_storeAndUse.cocci ./repo/linux-master///drivers/gpu/drm/i915/gt/uc/intel_uc_fw.c
./patterns/delayAssign_gcc/simpleReturn.cocci ./repo/linux-master///drivers/gpu/drm/i915/gt/uc/intel_guc_submission.c
./patterns/ifMultiCmp_gcc/both_storeAndUse.cocci ./repo/linux-master///drivers/gpu/drm/i915/gt/uc/intel_guc_submission.c
./patterns/ifMultiCmp_gcc/one_assign_and_return.cocci ./repo/linux-master///drivers/gpu/drm/i915/gt/uc/intel_guc_submission.c
./patterns/ifMultiCmp_gcc/separate_storeAndUse.cocci ./repo/linux-master///drivers/gpu/drm/i915/gt/uc/intel_guc_submission.c
./patterns/ifMultiCmp_gcc/two_assign_and_return.cocci ./repo/linux-master///drivers/gpu/drm/i915/gt/uc/intel_guc_submission.c
./patterns/return_gcc/load_retVal_inAdvance.cocci ./repo/linux-master///drivers/gpu/drm/i915/gt/uc/intel_guc_submission.c
./patterns/ifMultiCmp_gcc/two_assign_and_return.cocci ./repo/linux-master///drivers/gpu/drm/i915/gt/uc/intel_guc_ct.c
./patterns/ifMultiCmp_gcc/both_storeAndUse.cocci ./repo/linux-master///drivers/gpu/drm/i915/gt/intel_gt_pm_debugfs.c
./patterns/ifMultiCmp_gcc/two_assign_and_return.cocci ./repo/linux-master///drivers/gpu/drm/i915/gt/intel_workarounds.c
./patterns/ifMultiCmp_gcc/two_assign_and_return.cocci ./repo/linux-master///drivers/gpu/drm/i915/gt/intel_execlists_submission.c
./patterns/ifMultiCmp_gcc/both_storeAndUse.cocci ./repo/linux-master///drivers/gpu/drm/i915/i915_cmd_parser.c
./patterns/delayAssign_gcc/simpleReturn.cocci ./repo/linux-master///drivers/gpu/drm/i915/display/intel_display.c
./patterns/ifMultiCmp_gcc/one_assign_and_return.cocci ./repo/linux-master///drivers/gpu/drm/i915/display/intel_display.c
./patterns/return_gcc/load_retVal_inAdvance.cocci ./repo/linux-master///drivers/gpu/drm/i915/display/intel_display.c
./patterns/ifMultiCmp_gcc/one_assign_and_return.cocci ./repo/linux-master///drivers/gpu/drm/i915/display/intel_dp.c
./patterns/ifMultiCmp_gcc/both_storeAndUse.cocci ./repo/linux-master///drivers/gpu/drm/i915/i915_irq.c
./patterns/ifMultiCmp_gcc/both_storeAndUse.cocci ./repo/linux-master///drivers/gpu/drm/i915/intel_device_info.c
./patterns/delayAssign_gcc/simpleReturn.cocci ./repo/linux-master///drivers/gpu/drm/i915/intel_pm.c
./patterns/ifMultiCmp_gcc/both_storeAndUse.cocci ./repo/linux-master///drivers/gpu/drm/i915/intel_pm.c
./patterns/ifMultiCmp_gcc/one_assign_and_other.cocci ./repo/linux-master///drivers/gpu/drm/i915/intel_pm.c
./patterns/ifMultiCmp_gcc/one_assign_and_return.cocci ./repo/linux-master///drivers/gpu/drm/i915/intel_pm.c
./patterns/return_gcc/load_retVal_inAdvance.cocci ./repo/linux-master///drivers/gpu/drm/i915/intel_pm.c
./patterns/ifMultiCmp_gcc/two_assign_and_return.cocci ./repo/linux-master///drivers/gpu/drm/i915/gem/i915_gem_internal.c
./patterns/ifMultiCmp_gcc/two_assign_and_return.cocci ./repo/linux-master///drivers/gpu/drm/i915/gem/i915_gem_mman.c
./patterns/ifMultiCmp_gcc/one_assign_and_return.cocci ./repo/linux-master///drivers/gpu/drm/i915/gem/i915_gem_execbuffer.c
./patterns/ifMultiCmp_gcc/one_assign_and_return.cocci ./repo/linux-master///drivers/dma/dw/core.c
./patterns/ifMultiCmp_gcc/both_storeAndUse.cocci ./repo/linux-master///net/core/rtnetlink.c
./patterns/ifMultiCmp_gcc/one_assign_and_return.cocci ./repo/linux-master///net/core/rtnetlink.c
./patterns/return_gcc/load_retVal_inAdvance.cocci ./repo/linux-master///net/core/rtnetlink.c
./patterns/ifMultiCmp_gcc/both_storeAndUse.cocci ./repo/linux-master///net/core/neighbour.c
./patterns/arg_gcc/Assign_with_logic.cocci ./repo/linux-master///net/core/filter.c
./patterns/arg_gcc/assignExprAsArg.cocci ./repo/linux-master///net/core/filter.c
./patterns/arithmetic_gcc/div.cocci ./repo/linux-master///net/core/filter.c
./patterns/delayAssign_gcc/simpleReturn.cocci ./repo/linux-master///net/core/filter.c
./patterns/delayAssign_gcc/struct_assign_and_if.cocci ./repo/linux-master///net/core/filter.c
./patterns/delayAssign_gcc/struct_useAfterAssign.cocci ./repo/linux-master///net/core/filter.c
./patterns/delayAssign_gcc/union_assignExpr_arg.cocci ./repo/linux-master///net/core/filter.c
./patterns/ifMultiCmp_gcc/assign_struct_and_use.cocci ./repo/linux-master///net/core/filter.c
./patterns/ifMultiCmp_gcc/both_storeAndUse.cocci ./repo/linux-master///net/core/filter.c
./patterns/ifMultiCmp_gcc/compound_assign.cocci ./repo/linux-master///net/core/filter.c
./patterns/ifMultiCmp_gcc/decl_union_return.cocci ./repo/linux-master///net/core/filter.c
./patterns/ifMultiCmp_gcc/one_assign_and_other.cocci ./repo/linux-master///net/core/filter.c
./patterns/ifMultiCmp_gcc/one_assign_and_return.cocci ./repo/linux-master///net/core/filter.c
./patterns/ifMultiCmp_gcc/separate_storeAndUse.cocci ./repo/linux-master///net/core/filter.c
./patterns/ifMultiCmp_gcc/two_assign_and_return.cocci ./repo/linux-master///net/core/filter.c
./patterns/ifRefresh_gcc/parm_deref_assign.cocci ./repo/linux-master///net/core/filter.c
./patterns/ifRefresh_gcc/union_assign.cocci ./repo/linux-master///net/core/filter.c
./patterns/return_gcc/load_retVal_inAdvance.cocci ./repo/linux-master///net/core/filter.c
./patterns/structArg_gcc/structArg.cocci ./repo/linux-master///net/core/filter.c
./patterns/structDup_gcc/assign_and_use.cocci ./repo/linux-master///net/core/filter.c
./patterns/structDup_gcc/consecutive_assign.cocci ./repo/linux-master///net/core/filter.c
./patterns/ifMultiCmp_gcc/both_storeAndUse.cocci ./repo/linux-master///net/core/sysctl_net_core.c
./patterns/ifMultiCmp_gcc/both_storeAndUse.cocci ./repo/linux-master///net/core/gro.c
./patterns/ifMultiCmp_gcc/both_storeAndUse.cocci ./repo/linux-master///net/core/flow_dissector.c
./patterns/ifMultiCmp_gcc/two_assign_and_return.cocci ./repo/linux-master///net/core/flow_dissector.c
./patterns/return_gcc/load_retVal_inAdvance.cocci ./repo/linux-master///net/core/flow_dissector.c
./patterns/delayAssign_gcc/simpleReturn.cocci ./repo/linux-master///net/core/dev.c
./patterns/ifMultiCmp_gcc/both_storeAndUse.cocci ./repo/linux-master///net/core/dev.c
./patterns/ifMultiCmp_gcc/one_assign_and_return.cocci ./repo/linux-master///net/core/dev.c
./patterns/ifMultiCmp_gcc/two_assign_and_return.cocci ./repo/linux-master///net/core/dev.c
./patterns/return_gcc/load_retVal_inAdvance.cocci ./repo/linux-master///net/core/dev.c
./patterns/ifMultiCmp_gcc/both_storeAndUse.cocci ./repo/linux-master///net/core/skbuff.c
./patterns/ifMultiCmp_gcc/one_assign_and_return.cocci ./repo/linux-master///net/core/skbuff.c
./patterns/ifMultiCmp_gcc/separate_storeAndUse.cocci ./repo/linux-master///net/core/skbuff.c
./patterns/ifMultiCmp_gcc/two_assign_and_return.cocci ./repo/linux-master///net/core/skbuff.c
./patterns/return_gcc/load_retVal_inAdvance.cocci ./repo/linux-master///net/core/skbuff.c
./patterns/ifMultiCmp_gcc/both_storeAndUse.cocci ./repo/linux-master///net/wireless/core.c
./patterns/ifMultiCmp_gcc/one_assign_and_return.cocci ./repo/linux-master///net/wireless/core.c
./patterns/ifMultiCmp_gcc/both_storeAndUse.cocci ./repo/linux-master///net/wireless/ibss.c
./patterns/arg_gcc/assignExprAsArg.cocci ./repo/linux-master///net/wireless/nl80211.c
./patterns/delayAssign_gcc/simpleReturn.cocci ./repo/linux-master///net/wireless/nl80211.c
./patterns/delayAssign_gcc/struct_assign_and_if.cocci ./repo/linux-master///net/wireless/nl80211.c
./patterns/delayAssign_gcc/struct_useAfterAssign.cocci ./repo/linux-master///net/wireless/nl80211.c
./patterns/ifMultiCmp_gcc/both_storeAndUse.cocci ./repo/linux-master///net/wireless/nl80211.c
./patterns/ifMultiCmp_gcc/compound_assign.cocci ./repo/linux-master///net/wireless/nl80211.c
./patterns/ifMultiCmp_gcc/decl_union_return.cocci ./repo/linux-master///net/wireless/nl80211.c
./patterns/ifMultiCmp_gcc/one_assign_and_other.cocci ./repo/linux-master///net/wireless/nl80211.c
./patterns/ifMultiCmp_gcc/one_assign_and_return.cocci ./repo/linux-master///net/wireless/nl80211.c
./patterns/ifMultiCmp_gcc/separate_storeAndUse.cocci ./repo/linux-master///net/wireless/nl80211.c
./patterns/ifMultiCmp_gcc/two_assign_and_return.cocci ./repo/linux-master///net/wireless/nl80211.c
./patterns/ifRefresh_gcc/parm_deref_assign.cocci ./repo/linux-master///net/wireless/nl80211.c
./patterns/return_gcc/load_retVal_inAdvance.cocci ./repo/linux-master///net/wireless/nl80211.c
./patterns/structDup_gcc/assign_and_use.cocci ./repo/linux-master///net/wireless/nl80211.c
./patterns/structDup_gcc/consecutive_assign.cocci ./repo/linux-master///net/wireless/nl80211.c
./patterns/ifMultiCmp_gcc/both_storeAndUse.cocci ./repo/linux-master///net/wireless/mesh.c
./patterns/ifMultiCmp_gcc/one_assign_and_return.cocci ./repo/linux-master///net/wireless/scan.c
./patterns/ifMultiCmp_gcc/both_storeAndUse.cocci ./repo/linux-master///net/xfrm/xfrm_state.c
./patterns/ifMultiCmp_gcc/both_storeAndUse.cocci ./repo/linux-master///net/xfrm/xfrm_policy.c
./patterns/ifMultiCmp_gcc/one_assign_and_return.cocci ./repo/linux-master///net/xfrm/xfrm_policy.c
./patterns/ifMultiCmp_gcc/two_assign_and_return.cocci ./repo/linux-master///net/xfrm/xfrm_policy.c
./patterns/ifMultiCmp_gcc/both_storeAndUse.cocci ./repo/linux-master///net/xfrm/xfrm_replay.c
./patterns/ifMultiCmp_gcc/one_assign_and_return.cocci ./repo/linux-master///net/sched/cls_api.c
./patterns/ifMultiCmp_gcc/two_assign_and_return.cocci ./repo/linux-master///net/sched/cls_api.c
./patterns/return_gcc/load_retVal_inAdvance.cocci ./repo/linux-master///net/sched/cls_api.c
./patterns/ifMultiCmp_gcc/both_storeAndUse.cocci ./repo/linux-master///net/sched/sch_api.c
./patterns/ifMultiCmp_gcc/two_assign_and_return.cocci ./repo/linux-master///net/sched/sch_api.c
./patterns/return_gcc/load_retVal_inAdvance.cocci ./repo/linux-master///net/sched/sch_api.c
./patterns/ifMultiCmp_gcc/one_assign_and_return.cocci ./repo/linux-master///net/netfilter/nfnetlink.c
./patterns/ifMultiCmp_gcc/two_assign_and_return.cocci ./repo/linux-master///net/netfilter/nfnetlink.c
./patterns/return_gcc/load_retVal_inAdvance.cocci ./repo/linux-master///net/netfilter/nfnetlink.c
./patterns/ifMultiCmp_gcc/both_storeAndUse.cocci ./repo/linux-master///net/netfilter/nf_conntrack_proto_tcp.c
./patterns/ifMultiCmp_gcc/one_assign_and_return.cocci ./repo/linux-master///net/netfilter/nf_conntrack_proto_tcp.c
./patterns/ifMultiCmp_gcc/two_assign_and_return.cocci ./repo/linux-master///net/netfilter/nf_conntrack_proto_tcp.c
./patterns/ifMultiCmp_gcc/both_storeAndUse.cocci ./repo/linux-master///net/netfilter/nf_nat_sip.c
./patterns/ifMultiCmp_gcc/both_storeAndUse.cocci ./repo/linux-master///net/ethtool/ioctl.c
./patterns/ifMultiCmp_gcc/one_assign_and_return.cocci ./repo/linux-master///net/ethtool/ioctl.c
./patterns/ifMultiCmp_gcc/both_storeAndUse.cocci ./repo/linux-master///net/ipv4/fib_semantics.c
./patterns/ifMultiCmp_gcc/one_assign_and_return.cocci ./repo/linux-master///net/ipv4/fib_semantics.c
./patterns/return_gcc/load_retVal_inAdvance.cocci ./repo/linux-master///net/ipv4/fib_semantics.c
./patterns/ifMultiCmp_gcc/both_storeAndUse.cocci ./repo/linux-master///net/ipv4/igmp.c
./patterns/ifMultiCmp_gcc/both_storeAndUse.cocci ./repo/linux-master///net/ipv4/tcp_ipv4.c
./patterns/ifMultiCmp_gcc/one_assign_and_return.cocci ./repo/linux-master///net/ipv4/tcp_ipv4.c
./patterns/return_gcc/load_retVal_inAdvance.cocci ./repo/linux-master///net/ipv4/tcp_ipv4.c
./patterns/ifMultiCmp_gcc/one_assign_and_return.cocci ./repo/linux-master///net/ipv4/tcp_output.c
./patterns/ifMultiCmp_gcc/two_assign_and_return.cocci ./repo/linux-master///net/ipv4/tcp_output.c
./patterns/ifMultiCmp_gcc/both_storeAndUse.cocci ./repo/linux-master///net/ipv4/fib_frontend.c
./patterns/ifMultiCmp_gcc/one_assign_and_return.cocci ./repo/linux-master///net/ipv4/fib_frontend.c
./patterns/ifMultiCmp_gcc/one_assign_and_other.cocci ./repo/linux-master///net/ipv4/raw.c
./patterns/ifMultiCmp_gcc/both_storeAndUse.cocci ./repo/linux-master///net/ipv4/tcp.c
./patterns/ifMultiCmp_gcc/one_assign_and_return.cocci ./repo/linux-master///net/ipv4/tcp.c
./patterns/ifMultiCmp_gcc/two_assign_and_return.cocci ./repo/linux-master///net/ipv4/tcp.c
./patterns/return_gcc/load_retVal_inAdvance.cocci ./repo/linux-master///net/ipv4/tcp.c
./patterns/ifMultiCmp_gcc/two_assign_and_return.cocci ./repo/linux-master///net/ipv4/inet_connection_sock.c
./patterns/ifMultiCmp_gcc/one_assign_and_return.cocci ./repo/linux-master///net/ipv4/udp.c
./patterns/return_gcc/load_retVal_inAdvance.cocci ./repo/linux-master///net/ipv4/udp.c
./patterns/ifMultiCmp_gcc/one_assign_and_return.cocci ./repo/linux-master///net/ipv4/netfilter/nf_reject_ipv4.c
./patterns/ifMultiCmp_gcc/both_storeAndUse.cocci ./repo/linux-master///net/ipv4/route.c
./patterns/ifMultiCmp_gcc/one_assign_and_return.cocci ./repo/linux-master///net/ipv4/route.c
./patterns/ifMultiCmp_gcc/two_assign_and_return.cocci ./repo/linux-master///net/ipv4/route.c
./patterns/ifMultiCmp_gcc/both_storeAndUse.cocci ./repo/linux-master///net/ipv4/tcp_input.c
./patterns/ifMultiCmp_gcc/one_assign_and_return.cocci ./repo/linux-master///net/ipv4/tcp_input.c
./patterns/ifMultiCmp_gcc/two_assign_and_return.cocci ./repo/linux-master///net/ipv4/tcp_input.c
./patterns/return_gcc/load_retVal_inAdvance.cocci ./repo/linux-master///net/ipv4/tcp_input.c
./patterns/ifMultiCmp_gcc/both_storeAndUse.cocci ./repo/linux-master///net/ipv4/cipso_ipv4.c
./patterns/ifMultiCmp_gcc/both_storeAndUse.cocci ./repo/linux-master///net/ipv4/tcp_minisocks.c
./patterns/ifMultiCmp_gcc/one_assign_and_return.cocci ./repo/linux-master///net/ipv4/ping.c
./patterns/ifMultiCmp_gcc/both_storeAndUse.cocci ./repo/linux-master///net/ipv4/devinet.c
./patterns/ifMultiCmp_gcc/both_storeAndUse.cocci ./repo/linux-master///net/ipv4/fib_trie.c
./patterns/ifMultiCmp_gcc/one_assign_and_return.cocci ./repo/linux-master///net/ipv4/fib_trie.c
./patterns/ifMultiCmp_gcc/two_assign_and_return.cocci ./repo/linux-master///net/ipv4/fib_trie.c
./patterns/ifMultiCmp_gcc/both_storeAndUse.cocci ./repo/linux-master///net/ipv4/ip_options.c
./patterns/ifMultiCmp_gcc/one_assign_and_return.cocci ./repo/linux-master///net/ipv4/ip_options.c
./patterns/ifMultiCmp_gcc/both_storeAndUse.cocci ./repo/linux-master///net/ipv4/ipconfig.c
./patterns/ifMultiCmp_gcc/one_assign_and_return.cocci ./repo/linux-master///net/ipv4/ipconfig.c
./patterns/ifMultiCmp_gcc/two_assign_and_return.cocci ./repo/linux-master///net/ipv4/ipconfig.c
./patterns/ifMultiCmp_gcc/both_storeAndUse.cocci ./repo/linux-master///net/ipv4/ip_output.c
./patterns/ifMultiCmp_gcc/one_assign_and_return.cocci ./repo/linux-master///net/ipv4/ip_output.c
./patterns/ifMultiCmp_gcc/two_assign_and_return.cocci ./repo/linux-master///net/ipv4/af_inet.c
./patterns/ifMultiCmp_gcc/both_storeAndUse.cocci ./repo/linux-master///net/ipv6/mcast.c
./patterns/ifMultiCmp_gcc/one_assign_and_return.cocci ./repo/linux-master///net/ipv6/mcast.c
./patterns/ifMultiCmp_gcc/both_storeAndUse.cocci ./repo/linux-master///net/ipv6/datagram.c
./patterns/ifMultiCmp_gcc/both_storeAndUse.cocci ./repo/linux-master///net/ipv6/af_inet6.c
./patterns/ifMultiCmp_gcc/one_assign_and_return.cocci ./repo/linux-master///net/ipv6/af_inet6.c
./patterns/ifMultiCmp_gcc/one_assign_and_return.cocci ./repo/linux-master///net/ipv6/raw.c
./patterns/ifMultiCmp_gcc/both_storeAndUse.cocci ./repo/linux-master///net/ipv6/esp6.c
./patterns/ifMultiCmp_gcc/one_assign_and_return.cocci ./repo/linux-master///net/ipv6/udp.c
./patterns/return_gcc/load_retVal_inAdvance.cocci ./repo/linux-master///net/ipv6/udp.c
./patterns/delayAssign_gcc/simpleReturn.cocci ./repo/linux-master///net/ipv6/route.c
./patterns/ifMultiCmp_gcc/both_storeAndUse.cocci ./repo/linux-master///net/ipv6/route.c
./patterns/ifMultiCmp_gcc/one_assign_and_return.cocci ./repo/linux-master///net/ipv6/route.c
./patterns/return_gcc/load_retVal_inAdvance.cocci ./repo/linux-master///net/ipv6/route.c
./patterns/ifMultiCmp_gcc/both_storeAndUse.cocci ./repo/linux-master///net/ipv6/ip6_output.c
./patterns/ifMultiCmp_gcc/one_assign_and_return.cocci ./repo/linux-master///net/ipv6/ip6_output.c
./patterns/return_gcc/load_retVal_inAdvance.cocci ./repo/linux-master///net/ipv6/ip6_output.c
./patterns/ifMultiCmp_gcc/both_storeAndUse.cocci ./repo/linux-master///net/ipv6/addrconf.c
./patterns/ifMultiCmp_gcc/one_assign_and_other.cocci ./repo/linux-master///net/ipv6/addrconf.c
./patterns/ifMultiCmp_gcc/one_assign_and_return.cocci ./repo/linux-master///net/ipv6/addrconf.c
./patterns/ifMultiCmp_gcc/two_assign_and_return.cocci ./repo/linux-master///net/ipv6/addrconf.c
./patterns/return_gcc/load_retVal_inAdvance.cocci ./repo/linux-master///net/ipv6/addrconf.c
./patterns/ifMultiCmp_gcc/both_storeAndUse.cocci ./repo/linux-master///net/ipv6/ip6_input.c
./patterns/ifMultiCmp_gcc/both_storeAndUse.cocci ./repo/linux-master///net/ipv6/ip6_fib.c
./patterns/return_gcc/load_retVal_inAdvance.cocci ./repo/linux-master///net/ipv6/ip6_fib.c
./patterns/ifMultiCmp_gcc/both_storeAndUse.cocci ./repo/linux-master///net/ipv6/ndisc.c
./patterns/ifMultiCmp_gcc/two_assign_and_return.cocci ./repo/linux-master///net/ipv6/ndisc.c
./patterns/ifMultiCmp_gcc/both_storeAndUse.cocci ./repo/linux-master///net/ipv6/ipv6_sockglue.c
./patterns/ifMultiCmp_gcc/one_assign_and_other.cocci ./repo/linux-master///net/ipv6/ipv6_sockglue.c
./patterns/ifMultiCmp_gcc/one_assign_and_return.cocci ./repo/linux-master///net/ipv6/ipv6_sockglue.c
./patterns/ifMultiCmp_gcc/both_storeAndUse.cocci ./repo/linux-master///net/ipv6/tcp_ipv6.c
./patterns/return_gcc/load_retVal_inAdvance.cocci ./repo/linux-master///net/ipv6/tcp_ipv6.c
./patterns/ifMultiCmp_gcc/both_storeAndUse.cocci ./repo/linux-master///net/sunrpc/xdr.c
./patterns/return_gcc/load_retVal_inAdvance.cocci ./repo/linux-master///net/sunrpc/xdr.c
./patterns/ifMultiCmp_gcc/two_assign_and_return.cocci ./repo/linux-master///net/sunrpc/cache.c
./patterns/ifMultiCmp_gcc/both_storeAndUse.cocci ./repo/linux-master///net/packet/af_packet.c
./patterns/ifMultiCmp_gcc/one_assign_and_other.cocci ./repo/linux-master///net/packet/af_packet.c
./patterns/ifMultiCmp_gcc/one_assign_and_return.cocci ./repo/linux-master///net/packet/af_packet.c
./patterns/ifMultiCmp_gcc/two_assign_and_return.cocci ./repo/linux-master///net/packet/af_packet.c
./patterns/return_gcc/load_retVal_inAdvance.cocci ./repo/linux-master///net/packet/af_packet.c
./patterns/ifMultiCmp_gcc/one_assign_and_return.cocci ./repo/linux-master///net/unix/af_unix.c
./patterns/ifMultiCmp_gcc/two_assign_and_return.cocci ./repo/linux-master///net/unix/af_unix.c
./patterns/return_gcc/load_retVal_inAdvance.cocci ./repo/linux-master///net/unix/af_unix.c
./patterns/ifMultiCmp_gcc/both_storeAndUse.cocci ./repo/linux-master///net/unix/garbage.c
./patterns/ifMultiCmp_gcc/one_assign_and_return.cocci ./repo/linux-master///net/mac80211/tdls.c
./patterns/ifMultiCmp_gcc/both_storeAndUse.cocci ./repo/linux-master///net/mac80211/status.c
./patterns/ifMultiCmp_gcc/one_assign_and_return.cocci ./repo/linux-master///net/mac80211/iface.c
./patterns/ifMultiCmp_gcc/one_assign_and_other.cocci ./repo/linux-master///net/mac80211/ethtool.c
./patterns/ifMultiCmp_gcc/both_storeAndUse.cocci ./repo/linux-master///net/mac80211/vht.c
./patterns/ifMultiCmp_gcc/both_storeAndUse.cocci ./repo/linux-master///net/mac80211/util.c
./patterns/return_gcc/load_retVal_inAdvance.cocci ./repo/linux-master///net/mac80211/util.c
./patterns/ifMultiCmp_gcc/one_assign_and_return.cocci ./repo/linux-master///net/mac80211/cfg.c
./patterns/ifMultiCmp_gcc/both_storeAndUse.cocci ./repo/linux-master///net/mac80211/rx.c
./patterns/ifMultiCmp_gcc/one_assign_and_return.cocci ./repo/linux-master///net/mac80211/rx.c
./patterns/return_gcc/load_retVal_inAdvance.cocci ./repo/linux-master///net/mac80211/rx.c
./patterns/ifMultiCmp_gcc/both_storeAndUse.cocci ./repo/linux-master///net/mac80211/sta_info.c
./patterns/ifMultiCmp_gcc/both_storeAndUse.cocci ./repo/linux-master///net/mac80211/scan.c
./patterns/ifMultiCmp_gcc/one_assign_and_other.cocci ./repo/linux-master///net/mac80211/main.c
./patterns/ifMultiCmp_gcc/one_assign_and_return.cocci ./repo/linux-master///net/mac80211/main.c
./patterns/ifMultiCmp_gcc/both_storeAndUse.cocci ./repo/linux-master///net/mac80211/offchannel.c
./patterns/ifMultiCmp_gcc/both_storeAndUse.cocci ./repo/linux-master///net/mac80211/mlme.c
./patterns/ifMultiCmp_gcc/one_assign_and_other.cocci ./repo/linux-master///net/mac80211/mlme.c
./patterns/ifMultiCmp_gcc/one_assign_and_return.cocci ./repo/linux-master///net/mac80211/mlme.c
./patterns/return_gcc/load_retVal_inAdvance.cocci ./repo/linux-master///net/mac80211/mlme.c
./patterns/ifMultiCmp_gcc/both_storeAndUse.cocci ./repo/linux-master///net/mac80211/tx.c
./patterns/ifMultiCmp_gcc/one_assign_and_return.cocci ./repo/linux-master///net/mac80211/tx.c
./patterns/ifMultiCmp_gcc/two_assign_and_return.cocci ./repo/linux-master///net/mac80211/tx.c
./patterns/return_gcc/load_retVal_inAdvance.cocci ./repo/linux-master///net/mac80211/tx.c
./patterns/ifMultiCmp_gcc/both_storeAndUse.cocci ./repo/linux-master///net/netlabel/netlabel_kapi.c
./patterns/ifMultiCmp_gcc/both_storeAndUse.cocci ./repo/linux-master///net/netlabel/netlabel_cipso_v4.c
./patterns/ifMultiCmp_gcc/one_assign_and_return.cocci ./repo/linux-master///net/netlabel/netlabel_cipso_v4.c
./patterns/ifMultiCmp_gcc/both_storeAndUse.cocci ./repo/linux-master///net/netlabel/netlabel_mgmt.c
./patterns/ifMultiCmp_gcc/both_storeAndUse.cocci ./repo/linux-master///sound/core/pcm_lib.c
./patterns/ifMultiCmp_gcc/one_assign_and_return.cocci ./repo/linux-master///sound/core/pcm_native.c
./patterns/ifMultiCmp_gcc/one_assign_and_return.cocci ./repo/linux-master///sound/core/timer.c
./patterns/ifMultiCmp_gcc/both_storeAndUse.cocci ./repo/linux-master///sound/core/seq/seq_memory.c
./patterns/ifMultiCmp_gcc/both_storeAndUse.cocci ./repo/linux-master///sound/core/control.c
./patterns/ifMultiCmp_gcc/both_storeAndUse.cocci ./repo/linux-master///sound/pci/hda/hda_auto_parser.c
./patterns/ifMultiCmp_gcc/both_storeAndUse.cocci ./repo/linux-master///sound/pci/hda/hda_codec.c
./patterns/ifMultiCmp_gcc/one_assign_and_return.cocci ./repo/linux-master///sound/pci/hda/hda_codec.c
./patterns/ifMultiCmp_gcc/both_storeAndUse.cocci ./repo/linux-master///sound/hda/hdac_device.c
./patterns/ifMultiCmp_gcc/both_storeAndUse.cocci ./repo/linux-master///io_uring/io_uring.c
./patterns/ifMultiCmp_gcc/one_assign_and_return.cocci ./repo/linux-master///io_uring/io_uring.c
./patterns/ifMultiCmp_gcc/both_storeAndUse.cocci ./repo/linux-master///io_uring/sqpoll.c
./patterns/ifMultiCmp_gcc/one_assign_and_return.cocci ./repo/linux-master///io_uring/net.c
./patterns/ifMultiCmp_gcc/two_assign_and_return.cocci ./repo/linux-master///io_uring/net.c
./patterns/ifMultiCmp_gcc/both_storeAndUse.cocci ./repo/linux-master///arch/x86/pci/irq.c
./patterns/ifMultiCmp_gcc/one_assign_and_return.cocci ./repo/linux-master///arch/x86/events/rapl.c
./patterns/ifMultiCmp_gcc/two_assign_and_return.cocci ./repo/linux-master///arch/x86/events/intel/p4.c
./patterns/ifMultiCmp_gcc/both_storeAndUse.cocci ./repo/linux-master///arch/x86/events/intel/uncore_snbep.c
./patterns/ifMultiCmp_gcc/one_assign_and_other.cocci ./repo/linux-master///arch/x86/events/intel/uncore_snbep.c
./patterns/ifMultiCmp_gcc/one_assign_and_return.cocci ./repo/linux-master///arch/x86/events/intel/uncore_snbep.c
./patterns/return_gcc/load_retVal_inAdvance.cocci ./repo/linux-master///arch/x86/events/intel/uncore_snbep.c
./patterns/ifMultiCmp_gcc/one_assign_and_return.cocci ./repo/linux-master///arch/x86/events/intel/core.c
./patterns/return_gcc/load_retVal_inAdvance.cocci ./repo/linux-master///arch/x86/events/intel/core.c
./patterns/ifMultiCmp_gcc/both_storeAndUse.cocci ./repo/linux-master///arch/x86/events/intel/ds.c
./patterns/ifMultiCmp_gcc/both_storeAndUse.cocci ./repo/linux-master///arch/x86/events/intel/bts.c
./patterns/ifMultiCmp_gcc/two_assign_and_return.cocci ./repo/linux-master///arch/x86/kernel/head64.c
./patterns/ifMultiCmp_gcc/both_storeAndUse.cocci ./repo/linux-master///arch/x86/kernel/cpu/cacheinfo.c
./patterns/ifMultiCmp_gcc/one_assign_and_return.cocci ./repo/linux-master///arch/x86/kernel/apic/io_apic.c
./patterns/ifMultiCmp_gcc/two_assign_and_return.cocci ./repo/linux-master///fs/dcache.c
./patterns/ifMultiCmp_gcc/both_storeAndUse.cocci ./repo/linux-master///fs/namei.c
./patterns/ifMultiCmp_gcc/one_assign_and_return.cocci ./repo/linux-master///fs/namei.c
./patterns/ifMultiCmp_gcc/two_assign_and_return.cocci ./repo/linux-master///fs/namei.c
./patterns/return_gcc/load_retVal_inAdvance.cocci ./repo/linux-master///fs/namei.c
./patterns/ifMultiCmp_gcc/both_storeAndUse.cocci ./repo/linux-master///fs/mpage.c
./patterns/ifMultiCmp_gcc/two_assign_and_return.cocci ./repo/linux-master///fs/mpage.c
./patterns/ifMultiCmp_gcc/one_assign_and_return.cocci ./repo/linux-master///fs/isofs/inode.c
./patterns/ifMultiCmp_gcc/two_assign_and_return.cocci ./repo/linux-master///fs/isofs/inode.c
./patterns/return_gcc/load_retVal_inAdvance.cocci ./repo/linux-master///fs/isofs/inode.c
./patterns/ifMultiCmp_gcc/both_storeAndUse.cocci ./repo/linux-master///fs/coredump.c
./patterns/ifMultiCmp_gcc/one_assign_and_other.cocci ./repo/linux-master///fs/coredump.c
./patterns/ifMultiCmp_gcc/one_assign_and_return.cocci ./repo/linux-master///fs/coredump.c
./patterns/delayAssign_gcc/simpleReturn.cocci ./repo/linux-master///fs/nfs/nfs4proc.c
./patterns/ifMultiCmp_gcc/both_storeAndUse.cocci ./repo/linux-master///fs/nfs/nfs4proc.c
./patterns/ifMultiCmp_gcc/one_assign_and_other.cocci ./repo/linux-master///fs/nfs/nfs4proc.c
./patterns/ifMultiCmp_gcc/one_assign_and_return.cocci ./repo/linux-master///fs/nfs/nfs4proc.c
./patterns/return_gcc/load_retVal_inAdvance.cocci ./repo/linux-master///fs/nfs/nfs4proc.c
./patterns/ifMultiCmp_gcc/two_assign_and_return.cocci ./repo/linux-master///fs/nfs/namespace.c
./patterns/delayAssign_gcc/simpleReturn.cocci ./repo/linux-master///fs/nfs/nfs4xdr.c
./patterns/ifMultiCmp_gcc/both_storeAndUse.cocci ./repo/linux-master///fs/nfs/nfs4xdr.c
./patterns/ifMultiCmp_gcc/one_assign_and_other.cocci ./repo/linux-master///fs/nfs/nfs4xdr.c
./patterns/ifMultiCmp_gcc/one_assign_and_return.cocci ./repo/linux-master///fs/nfs/nfs4xdr.c
./patterns/ifRefresh_gcc/parm_deref_assign.cocci ./repo/linux-master///fs/nfs/nfs4xdr.c
./patterns/return_gcc/load_retVal_inAdvance.cocci ./repo/linux-master///fs/nfs/nfs4xdr.c
./patterns/ifMultiCmp_gcc/both_storeAndUse.cocci ./repo/linux-master///fs/nfs/inode.c
./patterns/ifMultiCmp_gcc/one_assign_and_other.cocci ./repo/linux-master///fs/nfs/inode.c
./patterns/ifMultiCmp_gcc/one_assign_and_return.cocci ./repo/linux-master///fs/nfs/inode.c
./patterns/ifMultiCmp_gcc/both_storeAndUse.cocci ./repo/linux-master///fs/nfs/fs_context.c
./patterns/ifMultiCmp_gcc/both_storeAndUse.cocci ./repo/linux-master///fs/proc/kcore.c
./patterns/ifMultiCmp_gcc/both_storeAndUse.cocci ./repo/linux-master///fs/proc/array.c
./patterns/ifMultiCmp_gcc/both_storeAndUse.cocci ./repo/linux-master///fs/proc/task_mmu.c
./patterns/ifMultiCmp_gcc/both_storeAndUse.cocci ./repo/linux-master///fs/proc/vmcore.c
./patterns/ifMultiCmp_gcc/both_storeAndUse.cocci ./repo/linux-master///fs/autofs/waitq.c
./patterns/ifMultiCmp_gcc/one_assign_and_return.cocci ./repo/linux-master///fs/autofs/waitq.c
./patterns/ifMultiCmp_gcc/both_storeAndUse.cocci ./repo/linux-master///fs/sysfs/group.c
./patterns/ifMultiCmp_gcc/both_storeAndUse.cocci ./repo/linux-master///fs/fat/namei_msdos.c
./patterns/ifMultiCmp_gcc/both_storeAndUse.cocci ./repo/linux-master///fs/fat/namei_vfat.c
./patterns/ifMultiCmp_gcc/both_storeAndUse.cocci ./repo/linux-master///fs/fat/dir.c
./patterns/ifMultiCmp_gcc/one_assign_and_return.cocci ./repo/linux-master///fs/fat/inode.c
./patterns/ifMultiCmp_gcc/both_storeAndUse.cocci ./repo/linux-master///fs/binfmt_elf.c
./patterns/ifMultiCmp_gcc/one_assign_and_return.cocci ./repo/linux-master///fs/binfmt_elf.c
./patterns/ifMultiCmp_gcc/one_assign_and_return.cocci ./repo/linux-master///fs/exec.c
./patterns/ifMultiCmp_gcc/two_assign_and_return.cocci ./repo/linux-master///fs/iomap/buffered-io.c
./patterns/ifMultiCmp_gcc/one_assign_and_return.cocci ./repo/linux-master///fs/ext4/fast_commit.c
./patterns/ifMultiCmp_gcc/both_storeAndUse.cocci ./repo/linux-master///fs/ext4/mballoc.c
./patterns/ifMultiCmp_gcc/one_assign_and_return.cocci ./repo/linux-master///fs/ext4/mballoc.c
./patterns/ifMultiCmp_gcc/two_assign_and_return.cocci ./repo/linux-master///fs/ext4/mballoc.c
./patterns/return_gcc/load_retVal_inAdvance.cocci ./repo/linux-master///fs/ext4/mballoc.c
./patterns/ifMultiCmp_gcc/both_storeAndUse.cocci ./repo/linux-master///fs/ext4/namei.c
./patterns/ifMultiCmp_gcc/one_assign_and_return.cocci ./repo/linux-master///fs/ext4/namei.c
./patterns/ifMultiCmp_gcc/two_assign_and_return.cocci ./repo/linux-master///fs/ext4/namei.c
./patterns/return_gcc/load_retVal_inAdvance.cocci ./repo/linux-master///fs/ext4/namei.c
./patterns/ifMultiCmp_gcc/two_assign_and_return.cocci ./repo/linux-master///fs/ext4/readpage.c
./patterns/ifMultiCmp_gcc/both_storeAndUse.cocci ./repo/linux-master///fs/ext4/inline.c
./patterns/ifMultiCmp_gcc/two_assign_and_return.cocci ./repo/linux-master///fs/ext4/inline.c
./patterns/ifMultiCmp_gcc/both_storeAndUse.cocci ./repo/linux-master///fs/ext4/extents_status.c
./patterns/ifMultiCmp_gcc/two_assign_and_return.cocci ./repo/linux-master///fs/ext4/extents_status.c
./patterns/delayAssign_gcc/simpleReturn.cocci ./repo/linux-master///fs/ext4/super.c
./patterns/ifMultiCmp_gcc/both_storeAndUse.cocci ./repo/linux-master///fs/ext4/super.c
./patterns/ifMultiCmp_gcc/one_assign_and_other.cocci ./repo/linux-master///fs/ext4/super.c
./patterns/ifMultiCmp_gcc/one_assign_and_return.cocci ./repo/linux-master///fs/ext4/super.c
./patterns/ifMultiCmp_gcc/separate_storeAndUse.cocci ./repo/linux-master///fs/ext4/super.c
./patterns/ifMultiCmp_gcc/two_assign_and_return.cocci ./repo/linux-master///fs/ext4/super.c
./patterns/return_gcc/load_retVal_inAdvance.cocci ./repo/linux-master///fs/ext4/super.c
./patterns/ifMultiCmp_gcc/one_assign_and_return.cocci ./repo/linux-master///fs/ext4/resize.c
./patterns/ifMultiCmp_gcc/two_assign_and_return.cocci ./repo/linux-master///fs/ext4/resize.c
./patterns/ifMultiCmp_gcc/both_storeAndUse.cocci ./repo/linux-master///fs/ext4/extents.c
./patterns/ifMultiCmp_gcc/one_assign_and_return.cocci ./repo/linux-master///fs/ext4/extents.c
./patterns/ifMultiCmp_gcc/two_assign_and_return.cocci ./repo/linux-master///fs/ext4/extents.c
./patterns/ifRefresh_gcc/parm_deref_assign.cocci ./repo/linux-master///fs/ext4/extents.c
./patterns/return_gcc/load_retVal_inAdvance.cocci ./repo/linux-master///fs/ext4/extents.c
./patterns/ifMultiCmp_gcc/one_assign_and_return.cocci ./repo/linux-master///fs/ext4/dir.c
./patterns/ifMultiCmp_gcc/both_storeAndUse.cocci ./repo/linux-master///fs/ext4/indirect.c
./patterns/ifMultiCmp_gcc/two_assign_and_return.cocci ./repo/linux-master///fs/ext4/move_extent.c
./patterns/ifRefresh_gcc/parm_deref_assign.cocci ./repo/linux-master///fs/ext4/move_extent.c
./patterns/ifMultiCmp_gcc/both_storeAndUse.cocci ./repo/linux-master///fs/ext4/inode.c
./patterns/ifMultiCmp_gcc/one_assign_and_other.cocci ./repo/linux-master///fs/ext4/inode.c
./patterns/ifMultiCmp_gcc/one_assign_and_return.cocci ./repo/linux-master///fs/ext4/inode.c
./patterns/ifMultiCmp_gcc/two_assign_and_return.cocci ./repo/linux-master///fs/ext4/inode.c
./patterns/return_gcc/load_retVal_inAdvance.cocci ./repo/linux-master///fs/ext4/inode.c
./patterns/ifMultiCmp_gcc/both_storeAndUse.cocci ./repo/linux-master///fs/ext4/xattr.c
./patterns/ifMultiCmp_gcc/one_assign_and_other.cocci ./repo/linux-master///fs/ext4/xattr.c
./patterns/ifMultiCmp_gcc/two_assign_and_return.cocci ./repo/linux-master///fs/ext4/xattr.c
./patterns/return_gcc/load_retVal_inAdvance.cocci ./repo/linux-master///fs/ext4/xattr.c
./patterns/ifMultiCmp_gcc/both_storeAndUse.cocci ./repo/linux-master///fs/ext4/page-io.c
./patterns/ifMultiCmp_gcc/both_storeAndUse.cocci ./repo/linux-master///fs/ext4/ialloc.c
./patterns/ifMultiCmp_gcc/one_assign_and_return.cocci ./repo/linux-master///fs/ext4/ialloc.c
./patterns/ifMultiCmp_gcc/two_assign_and_return.cocci ./repo/linux-master///fs/ext4/ialloc.c
./patterns/return_gcc/load_retVal_inAdvance.cocci ./repo/linux-master///fs/ext4/ialloc.c
./patterns/ifMultiCmp_gcc/both_storeAndUse.cocci ./repo/linux-master///fs/jbd2/commit.c
./patterns/ifMultiCmp_gcc/two_assign_and_return.cocci ./repo/linux-master///fs/jbd2/checkpoint.c
./patterns/ifMultiCmp_gcc/two_assign_and_return.cocci ./repo/linux-master///fs/jbd2/transaction.c
./patterns/ifMultiCmp_gcc/two_assign_and_return.cocci ./repo/linux-master///fs/jbd2/recovery.c
./patterns/ifMultiCmp_gcc/two_assign_and_return.cocci ./repo/linux-master///fs/direct-io.c
./patterns/ifMultiCmp_gcc/both_storeAndUse.cocci ./repo/linux-master///fs/binfmt_misc.c
./patterns/ifMultiCmp_gcc/one_assign_and_other.cocci ./repo/linux-master///fs/binfmt_misc.c
./patterns/ifMultiCmp_gcc/two_assign_and_return.cocci ./repo/linux-master///fs/remap_range.c
./patterns/ifMultiCmp_gcc/both_storeAndUse.cocci ./repo/linux-master///fs/pipe.c
./patterns/delayAssign_gcc/simpleReturn.cocci ./repo/linux-master///tools/objtool/check.c
./patterns/ifMultiCmp_gcc/both_storeAndUse.cocci ./repo/linux-master///tools/objtool/check.c
./patterns/ifMultiCmp_gcc/one_assign_and_other.cocci ./repo/linux-master///tools/objtool/check.c
./patterns/ifMultiCmp_gcc/one_assign_and_return.cocci ./repo/linux-master///tools/objtool/check.c
./patterns/return_gcc/load_retVal_inAdvance.cocci ./repo/linux-master///tools/objtool/check.c
./patterns/ifMultiCmp_gcc/both_storeAndUse.cocci ./repo/linux-master///tools/objtool/elf.c
./patterns/ifMultiCmp_gcc/one_assign_and_return.cocci ./repo/linux-master///tools/objtool/elf.c
./patterns/ifMultiCmp_gcc/both_storeAndUse.cocci ./repo/linux-master///mm/page_alloc.c
./patterns/ifMultiCmp_gcc/one_assign_and_return.cocci ./repo/linux-master///mm/page_alloc.c
./patterns/ifMultiCmp_gcc/two_assign_and_return.cocci ./repo/linux-master///mm/page_alloc.c
./patterns/return_gcc/load_retVal_inAdvance.cocci ./repo/linux-master///mm/page_alloc.c
./patterns/ifMultiCmp_gcc/two_assign_and_return.cocci ./repo/linux-master///mm/page_vma_mapped.c
./patterns/return_gcc/load_retVal_inAdvance.cocci ./repo/linux-master///mm/page_vma_mapped.c
./patterns/ifMultiCmp_gcc/both_storeAndUse.cocci ./repo/linux-master///mm/migrate.c
./patterns/ifMultiCmp_gcc/two_assign_and_return.cocci ./repo/linux-master///mm/migrate.c
./patterns/ifMultiCmp_gcc/both_storeAndUse.cocci ./repo/linux-master///mm/shmem.c
./patterns/ifMultiCmp_gcc/one_assign_and_return.cocci ./repo/linux-master///mm/shmem.c
./patterns/ifMultiCmp_gcc/two_assign_and_return.cocci ./repo/linux-master///mm/shmem.c
./patterns/ifRefresh_gcc/parm_deref_assign.cocci ./repo/linux-master///mm/shmem.c
./patterns/ifMultiCmp_gcc/two_assign_and_return.cocci ./repo/linux-master///mm/compaction.c
./patterns/ifMultiCmp_gcc/one_assign_and_return.cocci ./repo/linux-master///mm/gup.c
./patterns/ifMultiCmp_gcc/two_assign_and_return.cocci ./repo/linux-master///mm/gup.c
./patterns/return_gcc/load_retVal_inAdvance.cocci ./repo/linux-master///mm/gup.c
./patterns/ifMultiCmp_gcc/one_assign_and_return.cocci ./repo/linux-master///mm/vmalloc.c
./patterns/ifMultiCmp_gcc/two_assign_and_return.cocci ./repo/linux-master///mm/vmalloc.c
./patterns/ifMultiCmp_gcc/both_storeAndUse.cocci ./repo/linux-master///mm/percpu.c
./patterns/ifMultiCmp_gcc/one_assign_and_return.cocci ./repo/linux-master///mm/percpu.c
./patterns/ifMultiCmp_gcc/two_assign_and_return.cocci ./repo/linux-master///mm/page_counter.c
./patterns/structDup_gcc/assign_and_use.cocci ./repo/linux-master///mm/page_counter.c
./patterns/structDup_gcc/consecutive_assign.cocci ./repo/linux-master///mm/page_counter.c
./patterns/ifMultiCmp_gcc/one_assign_and_other.cocci ./repo/linux-master///mm/memory.c
./patterns/ifMultiCmp_gcc/one_assign_and_return.cocci ./repo/linux-master///mm/memory.c
./patterns/ifMultiCmp_gcc/separate_storeAndUse.cocci ./repo/linux-master///mm/memory.c
./patterns/ifMultiCmp_gcc/two_assign_and_return.cocci ./repo/linux-master///mm/memory.c
./patterns/return_gcc/load_retVal_inAdvance.cocci ./repo/linux-master///mm/memory.c
./patterns/ifMultiCmp_gcc/both_storeAndUse.cocci ./repo/linux-master///mm/mmap.c
./patterns/ifMultiCmp_gcc/one_assign_and_return.cocci ./repo/linux-master///mm/mmap.c
./patterns/ifRefresh_gcc/parm_deref_assign.cocci ./repo/linux-master///mm/mmap.c
./patterns/return_gcc/load_retVal_inAdvance.cocci ./repo/linux-master///mm/mmap.c
./patterns/ifMultiCmp_gcc/both_storeAndUse.cocci ./repo/linux-master///mm/slub.c
./patterns/ifMultiCmp_gcc/one_assign_and_return.cocci ./repo/linux-master///mm/slub.c
./patterns/ifMultiCmp_gcc/two_assign_and_return.cocci ./repo/linux-master///mm/slub.c
./patterns/return_gcc/load_retVal_inAdvance.cocci ./repo/linux-master///mm/slub.c
./patterns/ifMultiCmp_gcc/both_storeAndUse.cocci ./repo/linux-master///mm/swapfile.c
./patterns/ifMultiCmp_gcc/one_assign_and_return.cocci ./repo/linux-master///mm/swapfile.c
./patterns/ifMultiCmp_gcc/two_assign_and_return.cocci ./repo/linux-master///mm/swapfile.c
./patterns/return_gcc/load_retVal_inAdvance.cocci ./repo/linux-master///mm/swapfile.c
./patterns/ifMultiCmp_gcc/two_assign_and_return.cocci ./repo/linux-master///mm/rmap.c
./patterns/return_gcc/load_retVal_inAdvance.cocci ./repo/linux-master///mm/rmap.c
./patterns/ifMultiCmp_gcc/two_assign_and_return.cocci ./repo/linux-master///mm/pagewalk.c
./patterns/ifMultiCmp_gcc/both_storeAndUse.cocci ./repo/linux-master///mm/mprotect.c
./patterns/ifMultiCmp_gcc/one_assign_and_return.cocci ./repo/linux-master///mm/mprotect.c
./patterns/ifMultiCmp_gcc/two_assign_and_return.cocci ./repo/linux-master///mm/page-writeback.c
./patterns/ifMultiCmp_gcc/both_storeAndUse.cocci ./repo/linux-master///mm/hugetlb.c
./patterns/ifMultiCmp_gcc/one_assign_and_other.cocci ./repo/linux-master///mm/hugetlb.c
./patterns/ifMultiCmp_gcc/one_assign_and_return.cocci ./repo/linux-master///mm/hugetlb.c
./patterns/ifMultiCmp_gcc/two_assign_and_return.cocci ./repo/linux-master///mm/hugetlb.c
./patterns/return_gcc/load_retVal_inAdvance.cocci ./repo/linux-master///mm/hugetlb.c
./patterns/ifMultiCmp_gcc/one_assign_and_return.cocci ./repo/linux-master///mm/filemap.c
./patterns/ifMultiCmp_gcc/two_assign_and_return.cocci ./repo/linux-master///mm/filemap.c
./patterns/return_gcc/load_retVal_inAdvance.cocci ./repo/linux-master///mm/filemap.c
./patterns/ifMultiCmp_gcc/both_storeAndUse.cocci ./repo/linux-master///mm/vmscan.c
./patterns/ifMultiCmp_gcc/one_assign_and_return.cocci ./repo/linux-master///mm/vmscan.c
./patterns/ifMultiCmp_gcc/two_assign_and_return.cocci ./repo/linux-master///mm/vmscan.c
./patterns/return_gcc/load_retVal_inAdvance.cocci ./repo/linux-master///mm/vmscan.c
./patterns/ifMultiCmp_gcc/both_storeAndUse.cocci ./repo/linux-master///block/badblocks.c
./patterns/ifMultiCmp_gcc/both_storeAndUse.cocci ./repo/linux-master///block/blk-iocost.c
./patterns/ifMultiCmp_gcc/both_storeAndUse.cocci ./repo/linux-master///ipc/mq_sysctl.c
./patterns/ifMultiCmp_gcc/both_storeAndUse.cocci ./repo/linux-master///ipc/mqueue.c
./patterns/ifMultiCmp_gcc/both_storeAndUse.cocci ./repo/linux-master///ipc/ipc_sysctl.c
./patterns/ifMultiCmp_gcc/both_storeAndUse.cocci ./repo/linux-master///kernel/fork.c
./patterns/return_gcc/load_retVal_inAdvance.cocci ./repo/linux-master///kernel/fork.c
./patterns/ifMultiCmp_gcc/one_assign_and_return.cocci ./repo/linux-master///kernel/sys.c
./patterns/return_gcc/load_retVal_inAdvance.cocci ./repo/linux-master///kernel/sys.c
./patterns/delayAssign_gcc/simpleReturn.cocci ./repo/linux-master///kernel/signal.c
./patterns/ifMultiCmp_gcc/both_storeAndUse.cocci ./repo/linux-master///kernel/signal.c
./patterns/ifMultiCmp_gcc/one_assign_and_return.cocci ./repo/linux-master///kernel/signal.c
./patterns/ifMultiCmp_gcc/two_assign_and_return.cocci ./repo/linux-master///kernel/signal.c
./patterns/return_gcc/load_retVal_inAdvance.cocci ./repo/linux-master///kernel/signal.c
./patterns/ifMultiCmp_gcc/one_assign_and_return.cocci ./repo/linux-master///kernel/kprobes.c
./patterns/ifMultiCmp_gcc/both_storeAndUse.cocci ./repo/linux-master///kernel/sysctl.c
./patterns/ifMultiCmp_gcc/both_storeAndUse.cocci ./repo/linux-master///kernel/smp.c
./patterns/ifMultiCmp_gcc/both_storeAndUse.cocci ./repo/linux-master///kernel/trace/trace_events_filter.c
./patterns/return_gcc/load_retVal_inAdvance.cocci ./repo/linux-master///kernel/trace/trace_events_filter.c
./patterns/delayAssign_gcc/simpleReturn.cocci ./repo/linux-master///kernel/trace/ring_buffer.c
./patterns/ifMultiCmp_gcc/both_storeAndUse.cocci ./repo/linux-master///kernel/trace/ring_buffer.c
./patterns/ifMultiCmp_gcc/one_assign_and_return.cocci ./repo/linux-master///kernel/trace/ring_buffer.c
./patterns/ifMultiCmp_gcc/two_assign_and_return.cocci ./repo/linux-master///kernel/trace/ring_buffer.c
./patterns/return_gcc/load_retVal_inAdvance.cocci ./repo/linux-master///kernel/trace/ring_buffer.c
./patterns/ifMultiCmp_gcc/both_storeAndUse.cocci ./repo/linux-master///kernel/trace/trace_kprobe.c
./patterns/return_gcc/load_retVal_inAdvance.cocci ./repo/linux-master///kernel/trace/trace_kprobe.c
./patterns/ifMultiCmp_gcc/both_storeAndUse.cocci ./repo/linux-master///kernel/trace/blktrace.c
./patterns/ifMultiCmp_gcc/one_assign_and_return.cocci ./repo/linux-master///kernel/trace/trace_events.c
./patterns/delayAssign_gcc/simpleReturn.cocci ./repo/linux-master///kernel/trace/trace.c
./patterns/ifMultiCmp_gcc/both_storeAndUse.cocci ./repo/linux-master///kernel/trace/trace.c
./patterns/ifMultiCmp_gcc/one_assign_and_other.cocci ./repo/linux-master///kernel/trace/trace.c
./patterns/ifMultiCmp_gcc/one_assign_and_return.cocci ./repo/linux-master///kernel/trace/trace.c
./patterns/ifMultiCmp_gcc/separate_storeAndUse.cocci ./repo/linux-master///kernel/trace/trace.c
./patterns/ifRefresh_gcc/parm_deref_assign.cocci ./repo/linux-master///kernel/trace/trace.c
./patterns/return_gcc/load_retVal_inAdvance.cocci ./repo/linux-master///kernel/trace/trace.c
./patterns/ifMultiCmp_gcc/one_assign_and_return.cocci ./repo/linux-master///kernel/trace/trace_uprobe.c
./patterns/delayAssign_gcc/simpleReturn.cocci ./repo/linux-master///kernel/sched/fair.c
./patterns/ifMultiCmp_gcc/both_storeAndUse.cocci ./repo/linux-master///kernel/sched/fair.c
./patterns/ifMultiCmp_gcc/one_assign_and_return.cocci ./repo/linux-master///kernel/sched/fair.c
./patterns/ifMultiCmp_gcc/two_assign_and_return.cocci ./repo/linux-master///kernel/sched/fair.c
./patterns/ifRefresh_gcc/parm_deref_assign.cocci ./repo/linux-master///kernel/sched/fair.c
./patterns/return_gcc/load_retVal_inAdvance.cocci ./repo/linux-master///kernel/sched/fair.c
./patterns/delayAssign_gcc/simpleReturn.cocci ./repo/linux-master///kernel/sched/core.c
./patterns/ifMultiCmp_gcc/assign_struct_and_use.cocci ./repo/linux-master///kernel/sched/core.c
./patterns/ifMultiCmp_gcc/both_storeAndUse.cocci ./repo/linux-master///kernel/sched/core.c
./patterns/ifMultiCmp_gcc/one_assign_and_return.cocci ./repo/linux-master///kernel/sched/core.c
./patterns/ifMultiCmp_gcc/separate_storeAndUse.cocci ./repo/linux-master///kernel/sched/core.c
./patterns/ifMultiCmp_gcc/two_assign_and_return.cocci ./repo/linux-master///kernel/sched/core.c
./patterns/return_gcc/load_retVal_inAdvance.cocci ./repo/linux-master///kernel/sched/core.c
./patterns/return_gcc/load_retVal_inAdvance.cocci ./repo/linux-master///kernel/irq/manage.c
./patterns/ifMultiCmp_gcc/one_assign_and_return.cocci ./repo/linux-master///kernel/time/posix-cpu-timers.c
./patterns/ifMultiCmp_gcc/both_storeAndUse.cocci ./repo/linux-master///kernel/taskstats.c
./patterns/ifMultiCmp_gcc/both_storeAndUse.cocci ./repo/linux-master///kernel/auditsc.c
./patterns/ifMultiCmp_gcc/one_assign_and_return.cocci ./repo/linux-master///kernel/auditsc.c
./patterns/ifMultiCmp_gcc/one_assign_and_return.cocci ./repo/linux-master///kernel/printk/printk.c
./patterns/ifMultiCmp_gcc/two_assign_and_return.cocci ./repo/linux-master///kernel/events/uprobes.c
./patterns/arg_gcc/assignExprAsArg.cocci ./repo/linux-master///kernel/events/core.c
./patterns/delayAssign_gcc/simpleReturn.cocci ./repo/linux-master///kernel/events/core.c
./patterns/delayAssign_gcc/struct_useAfterAssign.cocci ./repo/linux-master///kernel/events/core.c
./patterns/ifMultiCmp_gcc/assign_struct_and_use.cocci ./repo/linux-master///kernel/events/core.c
./patterns/ifMultiCmp_gcc/both_storeAndUse.cocci ./repo/linux-master///kernel/events/core.c
./patterns/ifMultiCmp_gcc/compound_assign.cocci ./repo/linux-master///kernel/events/core.c
./patterns/ifMultiCmp_gcc/one_assign_and_other.cocci ./repo/linux-master///kernel/events/core.c
./patterns/ifMultiCmp_gcc/one_assign_and_return.cocci ./repo/linux-master///kernel/events/core.c
./patterns/ifMultiCmp_gcc/separate_storeAndUse.cocci ./repo/linux-master///kernel/events/core.c
./patterns/ifMultiCmp_gcc/two_assign_and_return.cocci ./repo/linux-master///kernel/events/core.c
./patterns/return_gcc/load_retVal_inAdvance.cocci ./repo/linux-master///kernel/events/core.c
./patterns/ifMultiCmp_gcc/one_assign_and_other.cocci ./repo/linux-master///kernel/module/main.c
./patterns/ifMultiCmp_gcc/one_assign_and_return.cocci ./repo/linux-master///kernel/exit.c
./patterns/return_gcc/load_retVal_inAdvance.cocci ./repo/linux-master///kernel/audit.c
./patterns/ifMultiCmp_gcc/one_assign_and_return.cocci ./repo/linux-master///kernel/resource.c
./patterns/ifMultiCmp_gcc/one_assign_and_return.cocci ./repo/linux-master///kernel/cgroup/cpuset.c
./patterns/ifMultiCmp_gcc/two_assign_and_return.cocci ./repo/linux-master///kernel/cgroup/cpuset.c
./patterns/delayAssign_gcc/simpleReturn.cocci ./repo/linux-master///kernel/cgroup/cgroup.c
./patterns/ifMultiCmp_gcc/both_storeAndUse.cocci ./repo/linux-master///kernel/cgroup/cgroup.c
./patterns/ifMultiCmp_gcc/one_assign_and_other.cocci ./repo/linux-master///kernel/cgroup/cgroup.c
./patterns/ifMultiCmp_gcc/one_assign_and_return.cocci ./repo/linux-master///kernel/cgroup/cgroup.c
./patterns/return_gcc/load_retVal_inAdvance.cocci ./repo/linux-master///kernel/cgroup/cgroup.c
./patterns/ifMultiCmp_gcc/one_assign_and_other.cocci ./repo/linux-master///kernel/rcu/tree.c
./patterns/ifMultiCmp_gcc/one_assign_and_return.cocci ./repo/linux-master///kernel/workqueue.c
./patterns/ifMultiCmp_gcc/one_assign_and_return.cocci ./repo/linux-master///kernel/futex/requeue.c
./patterns/ifMultiCmp_gcc/one_assign_and_return.cocci ./repo/linux-master///kernel/futex/core.c
./patterns/ifMultiCmp_gcc/two_assign_and_return.cocci ./repo/linux-master///kernel/futex/pi.c
./patterns/return_gcc/load_retVal_inAdvance.cocci ./repo/linux-master///kernel/futex/pi.c
./patterns/ifMultiCmp_gcc/both_storeAndUse.cocci ./repo/linux-master///kernel/bpf/core.c
./patterns/ifMultiCmp_gcc/one_assign_and_return.cocci ./repo/linux-master///kernel/bpf/core.c
./patterns/ifMultiCmp_gcc/two_assign_and_return.cocci ./repo/linux-master///crypto/asymmetric_keys/pkcs7_verify.c
./patterns/delayAssign_gcc/simpleReturn.cocci ./repo/linux-master///crypto/testmgr.c
./patterns/ifMultiCmp_gcc/both_storeAndUse.cocci ./repo/linux-master///crypto/testmgr.c
./patterns/ifMultiCmp_gcc/one_assign_and_return.cocci ./repo/linux-master///crypto/testmgr.c
./patterns/return_gcc/load_retVal_inAdvance.cocci ./repo/linux-master///crypto/testmgr.c
./patterns/ifMultiCmp_gcc/one_assign_and_return.cocci ./repo/linux-master///security/keys/process_keys.c
./patterns/ifMultiCmp_gcc/two_assign_and_return.cocci ./repo/linux-master///security/keys/process_keys.c
./patterns/ifMultiCmp_gcc/two_assign_and_return.cocci ./repo/linux-master///security/keys/keyring.c
./patterns/ifMultiCmp_gcc/both_storeAndUse.cocci ./repo/linux-master///security/keys/keyctl.c
./patterns/delayAssign_gcc/simpleReturn.cocci ./repo/linux-master///security/selinux/hooks.c
./patterns/ifMultiCmp_gcc/both_storeAndUse.cocci ./repo/linux-master///security/selinux/hooks.c
./patterns/ifMultiCmp_gcc/one_assign_and_other.cocci ./repo/linux-master///security/selinux/hooks.c
./patterns/ifMultiCmp_gcc/one_assign_and_return.cocci ./repo/linux-master///security/selinux/hooks.c
./patterns/return_gcc/load_retVal_inAdvance.cocci ./repo/linux-master///security/selinux/hooks.c
./patterns/ifMultiCmp_gcc/both_storeAndUse.cocci ./repo/linux-master///security/selinux/ss/services.c
./patterns/ifMultiCmp_gcc/one_assign_and_return.cocci ./repo/linux-master///security/selinux/ss/services.c
./patterns/return_gcc/load_retVal_inAdvance.cocci ./repo/linux-master///security/selinux/ss/services.c
./patterns/structDup_gcc/consecutive_assign.cocci ./repo/linux-master///security/selinux/ss/sidtab.c
./patterns/ifMultiCmp_gcc/both_storeAndUse.cocci ./repo/linux-master///security/selinux/ss/avtab.c
./patterns/ifMultiCmp_gcc/separate_storeAndUse.cocci ./repo/linux-master///security/selinux/ss/mls.c
./patterns/delayAssign_gcc/simpleReturn.cocci ./repo/linux-master///security/selinux/ss/policydb.c
./patterns/ifMultiCmp_gcc/both_storeAndUse.cocci ./repo/linux-master///security/selinux/ss/policydb.c
./patterns/ifMultiCmp_gcc/one_assign_and_return.cocci ./repo/linux-master///security/selinux/ss/policydb.c
./patterns/return_gcc/load_retVal_inAdvance.cocci ./repo/linux-master///security/selinux/ss/policydb.c
./patterns/ifMultiCmp_gcc/both_storeAndUse.cocci ./repo/linux-master///security/selinux/selinuxfs.c
./patterns/ifMultiCmp_gcc/one_assign_and_return.cocci ./repo/linux-master///security/security.c
